2024-06-11 16:07:32,406 INFO: package: mysql.connector.plugins
2024-06-11 16:07:32,406 INFO: package: mysql.connector.plugins
2024-06-11 16:07:32,406 INFO: plugin_name: caching_sha2_password
2024-06-11 16:07:32,406 INFO: plugin_name: caching_sha2_password
2024-06-11 16:07:32,406 INFO: AUTHENTICATION_PLUGIN_CLASS: MySQLCachingSHA2PasswordAuthPlugin
2024-06-11 16:07:32,406 INFO: AUTHENTICATION_PLUGIN_CLASS: MySQLCachingSHA2PasswordAuthPlugin
2024-06-11 16:07:32,430 INFO: package: mysql.connector.plugins
2024-06-11 16:07:32,430 INFO: plugin_name: mysql_native_password
2024-06-11 16:07:32,431 INFO: AUTHENTICATION_PLUGIN_CLASS: MySQLNativePasswordAuthPlugin
2024-06-11 16:07:32,508 INFO: MySQL connected.
2024-06-11 16:07:32,509 INFO: MySQL connected.
2024-06-11 16:07:32,511 INFO: MySQL connected.
2024-06-11 16:07:33,012 INFO: New EPC: 000000000000202405210007
2024-06-11 16:07:33,089 INFO: New EPC: 000000000000202405170003
2024-06-11 16:07:33,576 INFO: New EPC: 000000000000202405210009
2024-06-11 16:07:34,234 INFO: New EPC: 000000000000202405210008
2024-06-11 16:07:48,315 INFO: New EPC: e28069950000400aae894d94
2024-06-11 16:07:48,434 INFO: New EPC: e280689400004023437278ad
2024-06-11 16:07:48,528 INFO: New EPC: e28069950000500aae895194
2024-06-11 16:07:48,578 INFO: New EPC: e28069950000500aae894994
2024-06-11 16:07:48,724 INFO: New EPC: e28069950000400aae895594
2024-06-11 16:07:49,693 INFO: New EPC: e280689400005023437278ac
2024-06-11 16:07:49,817 INFO: New EPC: e280689400004023437278a8
2024-06-11 16:07:49,937 INFO: New EPC: e280689400004023437278ae
2024-06-11 16:07:50,454 INFO: New EPC: e28069950000400aae895994
2024-06-11 16:07:55,671 INFO: New EPC: e2806995000040126c54c590
2024-06-11 16:08:33,575 INFO: EPC reappeared after interval: 000000000000202405170003
2024-06-11 16:08:33,611 INFO: EPC reappeared after interval: 000000000000202405210007
2024-06-11 16:08:34,589 INFO: EPC reappeared after interval: 000000000000202405210007
2024-06-11 16:08:34,624 INFO: EPC reappeared after interval: 000000000000202405170003
2024-06-11 16:08:34,706 INFO: EPC reappeared after interval: 000000000000202405210009
2024-06-11 16:08:34,751 INFO: EPC reappeared after interval: 000000000000202405210008
2024-06-11 16:08:35,612 INFO: EPC reappeared after interval: 000000000000202405170003
2024-06-11 16:08:35,648 INFO: EPC reappeared after interval: 000000000000202405210007
2024-06-11 16:08:35,683 INFO: EPC reappeared after interval: 000000000000202405210008
2024-06-11 16:08:36,136 INFO: EPC reappeared after interval: 000000000000202405210009
2024-06-11 16:08:36,602 INFO: EPC reappeared after interval: 000000000000202405210007
2024-06-11 16:08:36,792 INFO: EPC reappeared after interval: 000000000000202405210008
2024-06-11 16:08:37,028 INFO: EPC reappeared after interval: 000000000000202405210009
2024-06-11 16:08:37,634 INFO: EPC reappeared after interval: 000000000000202405170003
2024-06-11 16:08:37,669 INFO: EPC reappeared after interval: 000000000000202405210008
2024-06-11 16:08:37,702 INFO: EPC reappeared after interval: 000000000000202405210007
2024-06-11 16:08:38,258 INFO: EPC reappeared after interval: 000000000000202405210009
2024-06-11 16:08:38,792 INFO: EPC reappeared after interval: 000000000000202405210007
2024-06-11 16:08:38,971 INFO: EPC reappeared after interval: 000000000000202405170003
2024-06-11 16:08:39,136 INFO: EPC reappeared after interval: 000000000000202405210009
2024-06-11 16:08:39,170 INFO: EPC reappeared after interval: 000000000000202405210008
2024-06-11 16:08:39,847 INFO: EPC reappeared after interval: 000000000000202405210008
2024-06-11 16:08:39,884 INFO: EPC reappeared after interval: 000000000000202405170003
2024-06-11 16:08:40,182 INFO: EPC reappeared after interval: 000000000000202405210007
2024-06-11 16:08:40,217 INFO: EPC reappeared after interval: 000000000000202405210009
2024-06-11 16:08:40,753 INFO: EPC reappeared after interval: 000000000000202405210007
2024-06-11 16:08:40,923 INFO: EPC reappeared after interval: 000000000000202405170003
2024-06-11 16:08:41,092 INFO: EPC reappeared after interval: 000000000000202405210008
2024-06-11 16:08:41,257 INFO: EPC reappeared after interval: 000000000000202405210009
2024-06-11 16:08:41,789 INFO: EPC reappeared after interval: 000000000000202405210007
2024-06-11 16:08:41,825 INFO: EPC reappeared after interval: 000000000000202405210008
2024-06-11 16:08:41,861 INFO: EPC reappeared after interval: 000000000000202405170003
2024-06-11 16:08:42,092 INFO: EPC reappeared after interval: 000000000000202405210009
2024-06-11 16:08:42,762 INFO: EPC reappeared after interval: 000000000000202405210007
2024-06-11 16:08:42,798 INFO: EPC reappeared after interval: 000000000000202405170003
2024-06-11 16:08:42,929 INFO: EPC reappeared after interval: 000000000000202405210008
2024-06-11 16:08:43,168 INFO: EPC reappeared after interval: 000000000000202405210009
2024-06-11 16:08:43,805 INFO: EPC reappeared after interval: 000000000000202405210007
2024-06-11 16:08:43,842 INFO: EPC reappeared after interval: 000000000000202405210008
2024-06-11 16:08:43,875 INFO: EPC reappeared after interval: 000000000000202405170003
2024-06-11 16:08:44,745 INFO: EPC reappeared after interval: 000000000000202405210007
2024-06-11 16:08:44,828 INFO: EPC reappeared after interval: 000000000000202405170003
2024-06-11 16:08:44,892 INFO: EPC reappeared after interval: 000000000000202405210009
2024-06-11 16:08:44,940 INFO: EPC reappeared after interval: 000000000000202405210008
2024-06-11 16:08:45,866 INFO: EPC reappeared after interval: 000000000000202405210008
2024-06-11 16:08:45,901 INFO: EPC reappeared after interval: 000000000000202405170003
2024-06-11 16:08:45,935 INFO: EPC reappeared after interval: 000000000000202405210007
2024-06-11 16:08:46,142 INFO: EPC reappeared after interval: 000000000000202405210009
2024-06-11 16:08:46,887 INFO: EPC reappeared after interval: 000000000000202405170003
2024-06-11 16:08:46,923 INFO: EPC reappeared after interval: 000000000000202405210007
2024-06-11 16:08:47,157 INFO: EPC reappeared after interval: 000000000000202405210008
2024-06-11 16:08:47,424 INFO: EPC reappeared after interval: 000000000000202405210009
2024-06-11 16:08:48,036 INFO: EPC reappeared after interval: 000000000000202405210008
2024-06-11 16:08:48,070 INFO: EPC reappeared after interval: 000000000000202405170003
2024-06-11 16:08:48,104 INFO: EPC reappeared after interval: 000000000000202405210007
2024-06-11 16:08:48,350 INFO: EPC reappeared after interval: 000000000000202405210009
2024-06-11 16:08:49,088 INFO: EPC reappeared after interval: 000000000000202405210007
2024-06-11 16:08:49,124 INFO: EPC reappeared after interval: 000000000000202405170003
2024-06-11 16:08:49,375 INFO: EPC reappeared after interval: 000000000000202405210008
2024-06-11 16:08:49,659 INFO: EPC reappeared after interval: 000000000000202405210009
2024-06-11 16:08:50,271 INFO: EPC reappeared after interval: 000000000000202405210008
2024-06-11 16:08:50,307 INFO: EPC reappeared after interval: 000000000000202405210007
2024-06-11 16:08:50,341 INFO: EPC reappeared after interval: 000000000000202405170003
2024-06-11 16:08:50,569 INFO: EPC reappeared after interval: 000000000000202405210009
2024-06-11 16:08:51,265 INFO: EPC reappeared after interval: 000000000000202405170003
2024-06-11 16:08:51,300 INFO: EPC reappeared after interval: 000000000000202405210007
2024-06-11 16:08:51,503 INFO: EPC reappeared after interval: 000000000000202405210008
2024-06-11 16:08:51,736 INFO: EPC reappeared after interval: 000000000000202405210009
2024-06-11 16:08:52,068 INFO: New EPC: e28069950000400aae87f993
2024-06-11 16:08:52,388 INFO: EPC reappeared after interval: 000000000000202405170003
2024-06-11 16:08:52,423 INFO: EPC reappeared after interval: 000000000000202405210008
2024-06-11 16:08:52,528 INFO: EPC reappeared after interval: 000000000000202405210007
2024-06-11 16:08:52,971 INFO: EPC reappeared after interval: 000000000000202405210009
2024-06-11 16:08:53,489 INFO: EPC reappeared after interval: 000000000000202405210007
2024-06-11 16:08:53,519 INFO: EPC reappeared after interval: 000000000000202405170003
2024-06-11 16:08:53,688 INFO: EPC reappeared after interval: 000000000000202405210009
2024-06-11 16:08:53,860 INFO: EPC reappeared after interval: e28069950000400aae895994
2024-06-11 16:08:54,382 INFO: EPC reappeared after interval: 000000000000202405170003
2024-06-11 16:08:54,548 INFO: EPC reappeared after interval: 000000000000202405210007
2024-06-11 16:08:54,710 INFO: EPC reappeared after interval: e28069950000400aae894d94
2024-06-11 16:08:54,744 INFO: EPC reappeared after interval: 000000000000202405210009
2024-06-11 16:08:55,397 INFO: EPC reappeared after interval: 000000000000202405210007
2024-06-11 16:08:55,426 INFO: EPC reappeared after interval: 000000000000202405170003
2024-06-11 16:08:55,464 INFO: EPC reappeared after interval: 000000000000202405210008
2024-06-11 16:08:55,497 INFO: EPC reappeared after interval: e28069950000400aae894d94
2024-06-11 16:08:55,707 INFO: EPC reappeared after interval: 000000000000202405210009
2024-06-11 16:08:56,261 INFO: EPC reappeared after interval: 000000000000202405170003
2024-06-11 16:08:56,298 INFO: EPC reappeared after interval: 000000000000202405210008
2024-06-11 16:08:56,333 INFO: EPC reappeared after interval: 000000000000202405210007
2024-06-11 16:08:56,368 INFO: EPC reappeared after interval: e28069950000400aae894d94
2024-06-11 16:08:56,515 INFO: EPC reappeared after interval: 000000000000202405210009
2024-06-11 16:08:57,186 INFO: EPC reappeared after interval: 000000000000202405210007
2024-06-11 16:08:57,227 INFO: EPC reappeared after interval: 000000000000202405170003
2024-06-11 16:08:57,470 INFO: EPC reappeared after interval: 000000000000202405210008
2024-06-11 16:08:57,881 INFO: EPC reappeared after interval: e28069950000400aae895594
2024-06-11 16:08:57,928 INFO: EPC reappeared after interval: 000000000000202405210009
2024-06-11 16:08:58,550 INFO: EPC reappeared after interval: 000000000000202405210007
2024-06-11 16:08:58,587 INFO: EPC reappeared after interval: 000000000000202405170003
2024-06-11 16:08:58,960 INFO: EPC reappeared after interval: 000000000000202405210009
2024-06-11 16:08:59,574 INFO: EPC reappeared after interval: 000000000000202405210007
2024-06-11 16:08:59,610 INFO: EPC reappeared after interval: 000000000000202405170003
2024-06-11 16:08:59,795 INFO: EPC reappeared after interval: 000000000000202405210008
2024-06-11 16:08:59,997 INFO: EPC reappeared after interval: 000000000000202405210009
2024-06-11 16:09:00,565 INFO: EPC reappeared after interval: 000000000000202405210007
2024-06-11 16:09:00,602 INFO: EPC reappeared after interval: 000000000000202405170003
2024-06-11 16:09:00,637 INFO: EPC reappeared after interval: 000000000000202405210008
2024-06-11 16:09:00,763 INFO: EPC reappeared after interval: 000000000000202405210009
2024-06-11 16:09:01,520 INFO: EPC reappeared after interval: 000000000000202405210007
2024-06-11 16:09:01,689 INFO: EPC reappeared after interval: 000000000000202405210008
2024-06-11 16:09:01,726 INFO: EPC reappeared after interval: 000000000000202405170003
2024-06-11 16:09:02,044 INFO: EPC reappeared after interval: 000000000000202405210009
2024-06-11 16:09:02,595 INFO: EPC reappeared after interval: 000000000000202405210007
2024-06-11 16:09:02,631 INFO: EPC reappeared after interval: 000000000000202405170003
2024-06-11 16:09:02,843 INFO: EPC reappeared after interval: 000000000000202405210009
2024-06-11 16:09:03,668 INFO: EPC reappeared after interval: 000000000000202405210007
2024-06-11 16:09:03,807 INFO: EPC reappeared after interval: 000000000000202405210008
2024-06-11 16:09:03,842 INFO: EPC reappeared after interval: 000000000000202405170003
2024-06-11 16:09:04,591 INFO: EPC reappeared after interval: 000000000000202405170003
2024-06-11 16:09:04,626 INFO: EPC reappeared after interval: 000000000000202405210007
2024-06-11 16:09:04,810 INFO: EPC reappeared after interval: 000000000000202405210009
2024-06-11 16:09:05,665 INFO: EPC reappeared after interval: 000000000000202405210007
2024-06-11 16:09:05,937 INFO: EPC reappeared after interval: 000000000000202405210008
2024-06-11 16:09:06,769 INFO: EPC reappeared after interval: 000000000000202405170003
2024-06-11 16:09:06,806 INFO: EPC reappeared after interval: 000000000000202405210008
2024-06-11 16:09:07,109 INFO: EPC reappeared after interval: 000000000000202405210007
2024-06-11 16:09:07,147 INFO: EPC reappeared after interval: 000000000000202405210009
2024-06-11 16:09:07,643 INFO: EPC reappeared after interval: 000000000000202405210007
2024-06-11 16:09:07,999 INFO: EPC reappeared after interval: 000000000000202405210008
2024-06-11 16:09:08,172 INFO: EPC reappeared after interval: 000000000000202405170003
2024-06-11 16:09:08,334 INFO: EPC reappeared after interval: 000000000000202405210009
2024-06-11 16:09:08,866 INFO: EPC reappeared after interval: 000000000000202405210008
2024-06-11 16:09:08,899 INFO: EPC reappeared after interval: 000000000000202405170003
2024-06-11 16:09:09,065 INFO: EPC reappeared after interval: 000000000000202405210007
2024-06-11 16:09:09,230 INFO: EPC reappeared after interval: 000000000000202405210009
2024-06-11 16:09:09,699 INFO: EPC reappeared after interval: 000000000000202405210007
2024-06-11 16:09:09,849 INFO: EPC reappeared after interval: 000000000000202405210008
2024-06-11 16:09:10,043 INFO: EPC reappeared after interval: 000000000000202405210009
2024-06-11 16:09:10,607 INFO: EPC reappeared after interval: 000000000000202405170003
2024-06-11 16:09:10,642 INFO: EPC reappeared after interval: 000000000000202405210007
2024-06-11 16:09:10,760 INFO: EPC reappeared after interval: 000000000000202405210008
2024-06-11 16:09:10,955 INFO: EPC reappeared after interval: 000000000000202405210009
2024-06-11 16:09:11,617 INFO: EPC reappeared after interval: 000000000000202405210007
2024-06-11 16:09:11,834 INFO: EPC reappeared after interval: 000000000000202405210009
2024-06-11 16:09:11,884 INFO: EPC reappeared after interval: 000000000000202405210008
2024-06-11 16:09:12,681 INFO: EPC reappeared after interval: 000000000000202405210008
2024-06-11 16:09:12,718 INFO: EPC reappeared after interval: 000000000000202405170003
2024-06-11 16:09:12,753 INFO: EPC reappeared after interval: 000000000000202405210007
2024-06-11 16:09:12,910 INFO: EPC reappeared after interval: 000000000000202405210009
2024-06-11 16:09:13,580 INFO: EPC reappeared after interval: 000000000000202405210007
2024-06-11 16:09:13,679 INFO: EPC reappeared after interval: 000000000000202405210009
2024-06-11 16:09:13,745 INFO: EPC reappeared after interval: 000000000000202405210008
2024-06-11 16:09:13,780 INFO: EPC reappeared after interval: 000000000000202405170003
2024-06-11 16:09:14,527 INFO: EPC reappeared after interval: 000000000000202405170003
2024-06-11 16:09:14,562 INFO: EPC reappeared after interval: 000000000000202405210007
2024-06-11 16:09:14,596 INFO: EPC reappeared after interval: 000000000000202405210008
2024-06-11 16:09:14,743 INFO: EPC reappeared after interval: 000000000000202405210009
2024-06-11 16:09:15,444 INFO: EPC reappeared after interval: 000000000000202405210007
2024-06-11 16:09:15,670 INFO: EPC reappeared after interval: 000000000000202405170003
2024-06-11 16:09:15,716 INFO: EPC reappeared after interval: 000000000000202405210008
2024-06-11 16:09:15,932 INFO: EPC reappeared after interval: 000000000000202405210009
2024-06-11 16:09:16,482 INFO: EPC reappeared after interval: 000000000000202405210007
2024-06-11 16:09:16,515 INFO: EPC reappeared after interval: 000000000000202405170003
2024-06-11 16:09:16,549 INFO: EPC reappeared after interval: 000000000000202405210008
2024-06-11 16:09:17,119 INFO: EPC reappeared after interval: 000000000000202405210009
2024-06-11 16:09:17,678 INFO: EPC reappeared after interval: 000000000000202405210007
2024-06-11 16:09:17,726 INFO: EPC reappeared after interval: 000000000000202405170003
2024-06-11 16:09:17,956 INFO: EPC reappeared after interval: 000000000000202405210008
2024-06-11 16:09:18,174 INFO: EPC reappeared after interval: 000000000000202405210009
2024-06-11 16:09:18,746 INFO: EPC reappeared after interval: 000000000000202405210008
2024-06-11 16:09:18,780 INFO: EPC reappeared after interval: 000000000000202405210007
2024-06-11 16:09:18,814 INFO: EPC reappeared after interval: 000000000000202405170003
2024-06-11 16:09:18,992 INFO: EPC reappeared after interval: 000000000000202405210009
2024-06-11 16:09:19,688 INFO: EPC reappeared after interval: 000000000000202405210007
2024-06-11 16:09:20,055 INFO: EPC reappeared after interval: 000000000000202405170003
2024-06-11 16:09:20,091 INFO: EPC reappeared after interval: 000000000000202405210008
2024-06-11 16:09:20,287 INFO: EPC reappeared after interval: 000000000000202405210009
2024-06-11 16:09:20,864 INFO: EPC reappeared after interval: 000000000000202405170003
2024-06-11 16:09:21,030 INFO: EPC reappeared after interval: 000000000000202405210007
2024-06-11 16:09:21,193 INFO: EPC reappeared after interval: e28069950000400aae895594
2024-06-11 16:09:21,226 INFO: EPC reappeared after interval: 000000000000202405210009
2024-06-11 16:09:21,905 INFO: EPC reappeared after interval: 000000000000202405210007
2024-06-11 16:09:22,240 INFO: EPC reappeared after interval: 000000000000202405170003
2024-06-11 16:09:22,276 INFO: EPC reappeared after interval: 000000000000202405210008
2024-06-11 16:09:22,450 INFO: EPC reappeared after interval: 000000000000202405210009
2024-06-11 16:09:22,949 INFO: EPC reappeared after interval: 000000000000202405210008
2024-06-11 16:09:22,986 INFO: EPC reappeared after interval: 000000000000202405170003
2024-06-11 16:09:23,285 INFO: EPC reappeared after interval: 000000000000202405210007
2024-06-11 16:09:23,322 INFO: EPC reappeared after interval: e28069950000400aae895994
2024-06-11 16:09:23,491 INFO: EPC reappeared after interval: e28069950000400aae895594
2024-06-11 16:09:23,877 INFO: EPC reappeared after interval: 000000000000202405210007
2024-06-11 16:09:23,922 INFO: EPC reappeared after interval: 000000000000202405170003
2024-06-11 16:09:23,971 INFO: EPC reappeared after interval: 000000000000202405210009
2024-06-11 16:09:24,016 INFO: EPC reappeared after interval: 000000000000202405210008
2024-06-11 16:09:24,748 INFO: EPC reappeared after interval: e28069950000400aae895994
2024-06-11 16:09:24,784 INFO: EPC reappeared after interval: e28069950000500aae895194
2024-06-11 16:09:24,819 INFO: EPC reappeared after interval: e28069950000400aae894d94
2024-06-11 16:09:24,854 INFO: EPC reappeared after interval: 000000000000202405210007
2024-06-11 16:09:24,888 INFO: EPC reappeared after interval: e28069950000500aae894994
2024-06-11 16:09:24,923 INFO: EPC reappeared after interval: e28069950000400aae895594
2024-06-11 16:09:24,957 INFO: EPC reappeared after interval: 000000000000202405210008
2024-06-11 16:09:25,037 INFO: EPC reappeared after interval: 000000000000202405210009
2024-06-11 16:09:25,783 INFO: EPC reappeared after interval: e28069950000400aae894d94
2024-06-11 16:09:25,817 INFO: EPC reappeared after interval: e28069950000500aae894994
2024-06-11 16:09:25,850 INFO: EPC reappeared after interval: 000000000000202405210007
2024-06-11 16:09:25,884 INFO: EPC reappeared after interval: e28069950000400aae895994
2024-06-11 16:09:26,041 INFO: EPC reappeared after interval: e28069950000500aae895194
2024-06-11 16:09:26,074 INFO: EPC reappeared after interval: 000000000000202405210009
2024-06-11 16:09:26,108 INFO: EPC reappeared after interval: 000000000000202405170003
2024-06-11 16:09:26,143 INFO: EPC reappeared after interval: e28069950000400aae895594
2024-06-11 16:09:26,176 INFO: EPC reappeared after interval: 000000000000202405210008
2024-06-11 16:09:26,919 INFO: EPC reappeared after interval: e28069950000500aae895194
2024-06-11 16:09:26,952 INFO: EPC reappeared after interval: e28069950000500aae894994
2024-06-11 16:09:26,985 INFO: EPC reappeared after interval: 000000000000202405170003
2024-06-11 16:09:27,019 INFO: EPC reappeared after interval: e28069950000400aae894d94
2024-06-11 16:09:27,054 INFO: EPC reappeared after interval: e28069950000400aae895994
2024-06-11 16:09:27,087 INFO: EPC reappeared after interval: 000000000000202405210007
2024-06-11 16:09:27,124 INFO: EPC reappeared after interval: e28069950000400aae895594
2024-06-11 16:09:27,158 INFO: EPC reappeared after interval: 000000000000202405210009
2024-06-11 16:09:27,835 INFO: EPC reappeared after interval: e28069950000400aae895994
2024-06-11 16:09:27,871 INFO: EPC reappeared after interval: e28069950000500aae894994
2024-06-11 16:09:27,904 INFO: EPC reappeared after interval: e28069950000500aae895194
2024-06-11 16:09:27,936 INFO: EPC reappeared after interval: 000000000000202405210007
2024-06-11 16:09:27,972 INFO: EPC reappeared after interval: e28069950000400aae894d94
2024-06-11 16:09:28,008 INFO: EPC reappeared after interval: e28069950000400aae895594
2024-06-11 16:09:28,109 INFO: EPC reappeared after interval: 000000000000202405210009
2024-06-11 16:09:28,150 INFO: EPC reappeared after interval: 000000000000202405210008
2024-06-11 16:09:28,184 INFO: EPC reappeared after interval: 000000000000202405170003
2024-06-11 16:09:28,963 INFO: EPC reappeared after interval: 000000000000202405170003
2024-06-11 16:09:28,999 INFO: EPC reappeared after interval: 000000000000202405210007
2024-06-11 16:09:29,033 INFO: EPC reappeared after interval: e28069950000500aae894994
2024-06-11 16:09:29,066 INFO: EPC reappeared after interval: e28069950000400aae895994
2024-06-11 16:09:29,101 INFO: EPC reappeared after interval: e28069950000400aae894d94
2024-06-11 16:09:29,135 INFO: EPC reappeared after interval: e28069950000500aae895194
2024-06-11 16:09:29,681 INFO: EPC reappeared after interval: 000000000000202405210009
2024-06-11 16:09:30,018 INFO: EPC reappeared after interval: e28069950000400aae895994
2024-06-11 16:09:30,052 INFO: EPC reappeared after interval: e28069950000400aae894d94
2024-06-11 16:09:30,086 INFO: EPC reappeared after interval: e28069950000400aae895594
2024-06-11 16:09:30,119 INFO: EPC reappeared after interval: 000000000000202405210007
2024-06-11 16:09:30,152 INFO: EPC reappeared after interval: 000000000000202405170003
2024-06-11 16:09:30,187 INFO: EPC reappeared after interval: 000000000000202405210009
2024-06-11 16:09:30,216 INFO: EPC reappeared after interval: e28069950000500aae895194
2024-06-11 16:09:30,249 INFO: EPC reappeared after interval: 000000000000202405210008
2024-06-11 16:09:31,012 INFO: EPC reappeared after interval: e28069950000400aae895594
2024-06-11 16:09:31,048 INFO: EPC reappeared after interval: 000000000000202405170003
2024-06-11 16:09:31,083 INFO: EPC reappeared after interval: 000000000000202405210007
2024-06-11 16:09:31,116 INFO: EPC reappeared after interval: e28069950000400aae895994
2024-06-11 16:09:31,150 INFO: EPC reappeared after interval: e28069950000500aae894994
2024-06-11 16:09:31,184 INFO: EPC reappeared after interval: 000000000000202405210008
2024-06-11 16:09:31,218 INFO: EPC reappeared after interval: e28069950000400aae894d94
2024-06-11 16:09:31,251 INFO: EPC reappeared after interval: e28069950000500aae895194
2024-06-11 16:09:31,284 INFO: EPC reappeared after interval: e2806995000040126c54c590
2024-06-11 16:09:31,734 INFO: EPC reappeared after interval: 000000000000202405210009
2024-06-11 16:09:32,068 INFO: EPC reappeared after interval: 000000000000202405210007
2024-06-11 16:09:32,103 INFO: EPC reappeared after interval: e28069950000400aae894d94
2024-06-11 16:09:32,137 INFO: EPC reappeared after interval: e28069950000500aae895194
2024-06-11 16:09:32,173 INFO: EPC reappeared after interval: e28069950000500aae894994
2024-06-11 16:09:32,208 INFO: EPC reappeared after interval: e28069950000400aae895994
2024-06-11 16:09:32,242 INFO: EPC reappeared after interval: e28069950000400aae895594
2024-06-11 16:09:32,276 INFO: EPC reappeared after interval: 000000000000202405170003
2024-06-11 16:09:32,311 INFO: EPC reappeared after interval: 000000000000202405210009
2024-06-11 16:09:32,341 INFO: EPC reappeared after interval: 000000000000202405210008
2024-06-11 16:09:33,030 INFO: EPC reappeared after interval: 000000000000202405210007
2024-06-11 16:09:33,062 INFO: EPC reappeared after interval: e28069950000400aae895994
2024-06-11 16:09:33,096 INFO: EPC reappeared after interval: e28069950000400aae894d94
2024-06-11 16:09:33,135 INFO: EPC reappeared after interval: e28069950000500aae895194
2024-06-11 16:09:33,170 INFO: EPC reappeared after interval: e28069950000500aae894994
2024-06-11 16:09:33,207 INFO: EPC reappeared after interval: 000000000000202405170003
2024-06-11 16:09:33,994 INFO: EPC reappeared after interval: 000000000000202405210007
2024-06-11 16:09:34,137 INFO: EPC reappeared after interval: 000000000000202405210008
2024-06-11 16:09:34,175 INFO: EPC reappeared after interval: e280689400004023437278ad
2024-06-11 16:09:34,208 INFO: EPC reappeared after interval: e28069950000500aae894994
2024-06-11 16:09:34,409 INFO: EPC reappeared after interval: 000000000000202405210009
2024-06-11 16:09:34,446 INFO: EPC reappeared after interval: e28069950000500aae895194
2024-06-11 16:09:34,650 INFO: EPC reappeared after interval: e28069950000400aae894d94
2024-06-11 16:09:35,039 INFO: EPC reappeared after interval: 000000000000202405170003
2024-06-11 16:09:35,203 INFO: EPC reappeared after interval: 000000000000202405210007
2024-06-11 16:09:35,235 INFO: EPC reappeared after interval: 000000000000202405210009
2024-06-11 16:09:35,910 INFO: EPC reappeared after interval: 000000000000202405170003
2024-06-11 16:09:35,944 INFO: EPC reappeared after interval: 000000000000202405210007
2024-06-11 16:09:36,240 INFO: EPC reappeared after interval: 000000000000202405210009
2024-06-11 16:09:36,275 INFO: EPC reappeared after interval: 000000000000202405210008
2024-06-11 16:09:36,775 INFO: EPC reappeared after interval: 000000000000202405210007
2024-06-11 16:09:36,810 INFO: EPC reappeared after interval: 000000000000202405170003
2024-06-11 16:09:36,968 INFO: EPC reappeared after interval: 000000000000202405210008
2024-06-11 16:09:37,129 INFO: EPC reappeared after interval: 000000000000202405210009
2024-06-11 16:09:37,656 INFO: EPC reappeared after interval: 000000000000202405210007
2024-06-11 16:09:37,832 INFO: EPC reappeared after interval: 000000000000202405170003
2024-06-11 16:09:37,866 INFO: EPC reappeared after interval: 000000000000202405210009
2024-06-11 16:09:37,899 INFO: EPC reappeared after interval: 000000000000202405210008
2024-06-11 16:09:38,657 INFO: EPC reappeared after interval: 000000000000202405170003
2024-06-11 16:09:38,690 INFO: EPC reappeared after interval: 000000000000202405210007
2024-06-11 16:09:39,004 INFO: EPC reappeared after interval: 000000000000202405210009
2024-06-11 16:09:39,661 INFO: EPC reappeared after interval: 000000000000202405210007
2024-06-11 16:09:39,895 INFO: EPC reappeared after interval: 000000000000202405210009
2024-06-11 16:09:39,935 INFO: EPC reappeared after interval: 000000000000202405170003
2024-06-11 16:09:40,739 INFO: EPC reappeared after interval: 000000000000202405210007
2024-06-11 16:09:40,772 INFO: EPC reappeared after interval: 000000000000202405170003
2024-06-11 16:09:41,068 INFO: EPC reappeared after interval: 000000000000202405210009
2024-06-11 16:09:41,764 INFO: EPC reappeared after interval: 000000000000202405210007
2024-06-11 16:09:41,968 INFO: EPC reappeared after interval: 000000000000202405210009
2024-06-11 16:09:42,820 INFO: EPC reappeared after interval: 000000000000202405170003
2024-06-11 16:09:42,855 INFO: EPC reappeared after interval: 000000000000202405210007
2024-06-11 16:09:43,160 INFO: EPC reappeared after interval: 000000000000202405210009
2024-06-11 16:09:43,840 INFO: EPC reappeared after interval: 000000000000202405210007
2024-06-11 16:09:43,936 INFO: EPC reappeared after interval: 000000000000202405210009
2024-06-11 16:09:43,973 INFO: EPC reappeared after interval: 000000000000202405170003
2024-06-11 16:09:44,735 INFO: EPC reappeared after interval: 000000000000202405170003
2024-06-11 16:09:44,774 INFO: EPC reappeared after interval: 000000000000202405210007
2024-06-11 16:09:45,122 INFO: EPC reappeared after interval: 000000000000202405210009
2024-06-11 16:09:45,156 INFO: New EPC: e28069950000400aae87f593
2024-06-11 16:09:45,775 INFO: EPC reappeared after interval: 000000000000202405210007
2024-06-11 16:09:45,986 INFO: EPC reappeared after interval: 000000000000202405170003
2024-06-11 16:09:46,020 INFO: EPC reappeared after interval: 000000000000202405210009
2024-06-11 16:09:46,800 INFO: EPC reappeared after interval: 000000000000202405170003
2024-06-11 16:09:46,833 INFO: EPC reappeared after interval: 000000000000202405210007
2024-06-11 16:09:46,981 INFO: EPC reappeared after interval: 000000000000202405210009
2024-06-11 16:09:47,684 INFO: EPC reappeared after interval: 000000000000202405210007
2024-06-11 16:09:48,020 INFO: EPC reappeared after interval: 000000000000202405210009
2024-06-11 16:09:48,058 INFO: EPC reappeared after interval: 000000000000202405170003
2024-06-11 16:09:48,957 INFO: EPC reappeared after interval: 000000000000202405210007
2024-06-11 16:09:49,120 INFO: EPC reappeared after interval: 000000000000202405170003
2024-06-11 16:09:49,156 INFO: EPC reappeared after interval: 000000000000202405210009
2024-06-11 16:09:49,829 INFO: EPC reappeared after interval: 000000000000202405210007
2024-06-11 16:09:50,007 INFO: EPC reappeared after interval: 000000000000202405210009
2024-06-11 16:09:50,179 INFO: EPC reappeared after interval: 000000000000202405170003
2024-06-11 16:09:50,874 INFO: EPC reappeared after interval: 000000000000202405210007
2024-06-11 16:09:50,908 INFO: EPC reappeared after interval: 000000000000202405170003
2024-06-11 16:09:51,073 INFO: EPC reappeared after interval: 000000000000202405210009
2024-06-11 16:09:51,742 INFO: EPC reappeared after interval: 000000000000202405210007
2024-06-11 16:09:51,940 INFO: EPC reappeared after interval: 000000000000202405210009
2024-06-11 16:09:52,411 INFO: EPC reappeared after interval: 000000000000202405210008
2024-06-11 16:09:52,736 INFO: EPC reappeared after interval: 000000000000202405210007
2024-06-11 16:09:52,771 INFO: EPC reappeared after interval: 000000000000202405170003
2024-06-11 16:09:52,919 INFO: EPC reappeared after interval: 000000000000202405210009
2024-06-11 16:09:53,717 INFO: EPC reappeared after interval: 000000000000202405210007
2024-06-11 16:09:53,834 INFO: EPC reappeared after interval: 000000000000202405210009
2024-06-11 16:09:54,331 INFO: EPC reappeared after interval: 000000000000202405210008
2024-06-11 16:09:54,687 INFO: EPC reappeared after interval: 000000000000202405170003
2024-06-11 16:09:54,723 INFO: EPC reappeared after interval: 000000000000202405210007
2024-06-11 16:09:54,804 INFO: EPC reappeared after interval: 000000000000202405210009
2024-06-11 16:09:55,661 INFO: EPC reappeared after interval: 000000000000202405210007
2024-06-11 16:09:55,994 INFO: EPC reappeared after interval: 000000000000202405210009
2024-06-11 16:09:56,778 INFO: EPC reappeared after interval: 000000000000202405170003
2024-06-11 16:09:56,812 INFO: EPC reappeared after interval: 000000000000202405210007
2024-06-11 16:09:56,959 INFO: EPC reappeared after interval: 000000000000202405210009
2024-06-11 16:09:57,707 INFO: EPC reappeared after interval: 000000000000202405210007
2024-06-11 16:09:57,891 INFO: EPC reappeared after interval: 000000000000202405170003
2024-06-11 16:09:57,925 INFO: EPC reappeared after interval: 000000000000202405210009
2024-06-11 16:09:58,732 INFO: EPC reappeared after interval: 000000000000202405170003
2024-06-11 16:09:58,767 INFO: EPC reappeared after interval: 000000000000202405210007
2024-06-11 16:09:58,863 INFO: EPC reappeared after interval: 000000000000202405210009
2024-06-11 16:09:59,579 INFO: EPC reappeared after interval: 000000000000202405210007
2024-06-11 16:09:59,960 INFO: EPC reappeared after interval: 000000000000202405210009
2024-06-11 16:09:59,995 INFO: EPC reappeared after interval: 000000000000202405170003
2024-06-11 16:10:00,725 INFO: EPC reappeared after interval: 000000000000202405170003
2024-06-11 16:10:00,759 INFO: EPC reappeared after interval: 000000000000202405210007
2024-06-11 16:10:00,894 INFO: EPC reappeared after interval: 000000000000202405210009
2024-06-11 16:10:01,632 INFO: EPC reappeared after interval: 000000000000202405210007
2024-06-11 16:10:01,678 INFO: EPC reappeared after interval: 000000000000202405210009
2024-06-11 16:10:01,886 INFO: EPC reappeared after interval: 000000000000202405170003
2024-06-11 16:10:02,650 INFO: EPC reappeared after interval: 000000000000202405210007
2024-06-11 16:10:02,685 INFO: EPC reappeared after interval: 000000000000202405170003
2024-06-11 16:10:02,861 INFO: EPC reappeared after interval: 000000000000202405210009
2024-06-11 16:10:03,557 INFO: EPC reappeared after interval: 000000000000202405210007
2024-06-11 16:10:03,911 INFO: EPC reappeared after interval: 000000000000202405170003
2024-06-11 16:10:03,946 INFO: EPC reappeared after interval: 000000000000202405210009
2024-06-11 16:10:04,421 INFO: EPC reappeared after interval: 000000000000202405210008
2024-06-11 16:10:04,775 INFO: EPC reappeared after interval: 000000000000202405170003
2024-06-11 16:10:04,809 INFO: EPC reappeared after interval: 000000000000202405210007
2024-06-11 16:10:04,970 INFO: EPC reappeared after interval: 000000000000202405210009
2024-06-11 16:10:05,576 INFO: EPC reappeared after interval: 000000000000202405210007
2024-06-11 16:10:05,634 INFO: EPC reappeared after interval: 000000000000202405170003
2024-06-11 16:10:05,685 INFO: EPC reappeared after interval: 000000000000202405210009
2024-06-11 16:10:05,746 INFO: EPC reappeared after interval: 000000000000202405210008
2024-06-11 16:10:06,511 INFO: EPC reappeared after interval: 000000000000202405170003
2024-06-11 16:10:06,549 INFO: EPC reappeared after interval: 000000000000202405210008
2024-06-11 16:10:06,582 INFO: EPC reappeared after interval: 000000000000202405210007
2024-06-11 16:10:06,718 INFO: EPC reappeared after interval: 000000000000202405210009
2024-06-11 16:10:07,535 INFO: EPC reappeared after interval: 000000000000202405210007
2024-06-11 16:10:07,710 INFO: EPC reappeared after interval: 000000000000202405170003
2024-06-11 16:10:07,744 INFO: EPC reappeared after interval: 000000000000202405210009
2024-06-11 16:10:07,776 INFO: EPC reappeared after interval: 000000000000202405210008
2024-06-11 16:10:08,562 INFO: EPC reappeared after interval: 000000000000202405210007
2024-06-11 16:10:08,594 INFO: EPC reappeared after interval: 000000000000202405170003
2024-06-11 16:10:08,888 INFO: EPC reappeared after interval: 000000000000202405210009
2024-06-11 16:10:09,572 INFO: EPC reappeared after interval: 000000000000202405210007
2024-06-11 16:10:09,663 INFO: EPC reappeared after interval: 000000000000202405210009
2024-06-11 16:10:09,738 INFO: EPC reappeared after interval: 000000000000202405210008
