2024-06-11 16:00:44,409 INFO: package: mysql.connector.plugins
2024-06-11 16:00:44,409 INFO: package: mysql.connector.plugins
2024-06-11 16:00:44,409 INFO: package: mysql.connector.plugins
2024-06-11 16:00:44,409 INFO: plugin_name: caching_sha2_password
2024-06-11 16:00:44,409 INFO: plugin_name: caching_sha2_password
2024-06-11 16:00:44,409 INFO: plugin_name: caching_sha2_password
2024-06-11 16:00:44,409 INFO: AUTHENTICATION_PLUGIN_CLASS: MySQLCachingSHA2PasswordAuthPlugin
2024-06-11 16:00:44,409 INFO: AUTHENTICATION_PLUGIN_CLASS: MySQLCachingSHA2PasswordAuthPlugin
2024-06-11 16:00:44,410 INFO: AUTHENTICATION_PLUGIN_CLASS: MySQLCachingSHA2PasswordAuthPlugin
2024-06-11 16:00:44,436 INFO: package: mysql.connector.plugins
2024-06-11 16:00:44,436 INFO: plugin_name: mysql_native_password
2024-06-11 16:00:44,437 INFO: package: mysql.connector.plugins
2024-06-11 16:00:44,437 INFO: package: mysql.connector.plugins
2024-06-11 16:00:44,437 INFO: plugin_name: mysql_native_password
2024-06-11 16:00:44,437 INFO: AUTHENTICATION_PLUGIN_CLASS: MySQLNativePasswordAuthPlugin
2024-06-11 16:00:44,437 INFO: plugin_name: mysql_native_password
2024-06-11 16:00:44,437 INFO: AUTHENTICATION_PLUGIN_CLASS: MySQLNativePasswordAuthPlugin
2024-06-11 16:00:44,437 INFO: AUTHENTICATION_PLUGIN_CLASS: MySQLNativePasswordAuthPlugin
2024-06-11 16:00:44,517 INFO: MySQL connected.
2024-06-11 16:00:44,518 INFO: MySQL connected.
2024-06-11 16:00:44,519 INFO: MySQL connected.
2024-06-11 16:00:44,858 INFO: New EPC: 000000000000202405210007
2024-06-11 16:00:44,932 INFO: New EPC: 000000000000202405170003
2024-06-11 16:00:44,965 INFO: New EPC: 000000000000202405210008
2024-06-11 16:00:45,834 INFO: New EPC: 000000000000202405210009
2024-06-11 16:00:53,102 INFO: New EPC: e28069950000400aae87f993
