2024-06-26 11:31:23,832 INFO: MySQL connected.
2024-06-26 11:31:23,833 INFO: MySQL connected.
2024-06-26 11:31:23,850 INFO: Success
2024-06-26 11:31:23,910 INFO: New EPC: 3039606243794c8000194151
2024-06-26 11:31:24,017 INFO: New EPC: 3039606243792980001cf357
2024-06-26 11:31:59,539 INFO: New EPC: 000000000000202405210004
2024-06-26 11:32:00,238 INFO: New EPC: 000000000000202405210006
2024-06-26 11:32:20,561 INFO: New plate: BAM-6882
2024-06-26 11:32:21,796 INFO: New plate: NRL-6096
2024-06-26 11:32:23,356 INFO: New EPC: 105013ad4070408e46455443
2024-06-26 11:32:24,913 INFO: New EPC: 105013af6315941e46455443
2024-06-26 11:32:25,624 INFO: New EPC: e11107000030933700000000
2024-06-26 11:33:11,909 INFO: New EPC: 000000000045370000000000
2024-06-26 11:33:20,657 INFO: Plate reappeared after interval: BAM-6882
2024-06-26 11:33:21,804 INFO: Plate reappeared after interval: NRL-6096
2024-06-26 11:33:27,454 INFO: New EPC: 105023af400649c346455443
2024-06-26 11:33:50,540 INFO: New EPC: 10503bae9629563446455443
2024-06-26 11:34:20,738 INFO: Plate reappeared after interval: BAM-6882
2024-06-26 11:34:21,833 INFO: Plate reappeared after interval: NRL-6096
2024-06-26 11:35:20,797 INFO: Plate reappeared after interval: BAM-6882
2024-06-26 11:35:21,841 INFO: Plate reappeared after interval: NRL-6096
2024-06-26 11:36:20,894 INFO: Plate reappeared after interval: BAM-6882
2024-06-26 11:36:21,901 INFO: Plate reappeared after interval: NRL-6096
2024-06-26 11:37:16,459 INFO: New EPC: 105033ba513544e946455443
2024-06-26 11:37:21,193 INFO: Plate reappeared after interval: BAM-6882
2024-06-26 11:37:22,175 INFO: Plate reappeared after interval: NRL-6096
2024-06-26 11:38:21,333 INFO: Plate reappeared after interval: BAM-6882
2024-06-26 11:38:22,234 INFO: Plate reappeared after interval: NRL-6096
2024-06-26 11:39:21,400 INFO: Plate reappeared after interval: BAM-6882
2024-06-26 11:39:22,235 INFO: Plate reappeared after interval: NRL-6096
2024-06-26 11:39:32,415 INFO: New EPC: 105033ba554776ad46455443
2024-06-26 11:40:21,463 INFO: Plate reappeared after interval: BAM-6882
2024-06-26 11:40:22,250 INFO: Plate reappeared after interval: NRL-6096
2024-06-26 11:41:16,675 INFO: New EPC: 241764230205642407010000
2024-06-26 11:41:16,868 INFO: New EPC: 4d5130cb6d75d393f124d330cf7c2080
2024-06-26 11:41:17,159 INFO: New EPC: 4d51b0cb6d75d393f154d330c46c2080
2024-06-26 11:41:21,534 INFO: Plate reappeared after interval: BAM-6882
2024-06-26 11:41:22,279 INFO: Plate reappeared after interval: NRL-6096
2024-06-26 11:42:21,555 INFO: Plate reappeared after interval: BAM-6882
2024-06-26 11:42:22,427 INFO: Plate reappeared after interval: NRL-6096
2024-06-26 11:43:21,630 INFO: Plate reappeared after interval: BAM-6882
2024-06-26 11:43:22,446 INFO: Plate reappeared after interval: NRL-6096
2024-06-26 11:44:21,652 INFO: Plate reappeared after interval: BAM-6882
2024-06-26 11:44:22,461 INFO: Plate reappeared after interval: NRL-6096
2024-06-26 11:45:21,718 INFO: Plate reappeared after interval: BAM-6882
2024-06-26 11:45:22,705 INFO: Plate reappeared after interval: NRL-6096
2024-06-26 11:46:21,768 INFO: Plate reappeared after interval: BAM-6882
2024-06-26 11:46:22,766 INFO: Plate reappeared after interval: NRL-6096
2024-06-26 11:46:48,939 INFO: New EPC: 3152070446186410
2024-06-26 11:47:21,823 INFO: Plate reappeared after interval: BAM-6882
2024-06-26 11:47:22,943 INFO: Plate reappeared after interval: NRL-6096
2024-06-26 11:48:08,600 INFO: Plate detection completed.
