2024-06-21 11:17:28,723 INFO: MySQL connected.
2024-06-21 11:17:28,723 INFO: MySQL connected.
2024-06-21 11:17:28,736 INFO: Success
2024-06-21 11:17:28,791 INFO: New EPC: e28069950000400aae894d94
2024-06-21 11:17:28,857 INFO: New EPC: e28069950000400aae87f593
2024-06-21 11:17:28,887 INFO: New EPC: e280689400004023437278ab
2024-06-21 11:17:28,919 INFO: New EPC: 000000000000202405210001
2024-06-21 11:17:28,958 INFO: New EPC: 000000000000202405170003
2024-06-21 11:17:29,023 INFO: New EPC: 000000000000202405210006
2024-06-21 11:17:29,053 INFO: New EPC: e28069950000400aae87f993
2024-06-21 11:17:29,215 INFO: New EPC: e28011700000021798b9c417
2024-06-21 11:17:30,115 INFO: New EPC: e28069950000500aae895194
2024-06-21 11:17:30,754 INFO: New EPC: e28011700000021798b9c40d
2024-06-21 11:17:31,001 INFO: New EPC: e28011700000021798b9c40c
2024-06-21 11:17:32,397 INFO: New EPC: 000000000000202405210010
2024-06-21 11:17:32,443 INFO: New EPC: e28069950000500aae87f193
2024-06-21 11:17:32,472 INFO: New EPC: 000000000000202405210003
2024-06-21 11:17:32,576 INFO: New EPC: e280689400004023437278ae
2024-06-21 11:17:32,964 INFO: New EPC: e280689400005023437278ac
2024-06-21 11:17:33,568 INFO: New EPC: e28011700000021798b9c41b
2024-06-21 11:17:35,711 INFO: New EPC: 000000000000202405210007
2024-06-21 11:17:38,100 INFO: New EPC: e2806995000050126c54b590
2024-06-21 11:17:38,757 INFO: New EPC: 000000000000202405210002
2024-06-21 11:17:40,295 INFO: New EPC: e28069950000400aae87ed93
2024-06-21 11:17:42,621 INFO: New EPC: e280689400004023437278a8
2024-06-21 11:17:42,681 INFO: New EPC: e28011700000021798b9c40b
2024-06-21 11:17:48,838 INFO: New EPC: e28069950000400aae895594
2024-06-21 11:17:58,673 INFO: New EPC: 000000000000202405210005
2024-06-21 11:17:59,434 INFO: New EPC: e280689400004023437278ad
2024-06-21 11:18:02,798 INFO: New plate: MTZ-0806
2024-06-21 11:18:25,194 INFO: New EPC: e2806995000040126c54c590
2024-06-21 11:19:02,799 INFO: Plate reappeared after interval: MTZ-0806
2024-06-21 11:20:02,801 INFO: Plate reappeared after interval: MTZ-0806
2024-06-21 11:21:02,817 INFO: Plate reappeared after interval: MTZ-0806
2024-06-21 11:22:02,870 INFO: Plate reappeared after interval: MTZ-0806
2024-06-21 11:23:02,899 INFO: Plate reappeared after interval: MTZ-0806
2024-06-21 11:24:02,925 INFO: Plate reappeared after interval: MTZ-0806
2024-06-21 11:25:02,937 INFO: Plate reappeared after interval: MTZ-0806
2024-06-21 11:26:02,961 INFO: Plate reappeared after interval: MTZ-0806
