2024-06-11 15:50:29,984 INFO: package: mysql.connector.plugins
2024-06-11 15:50:29,984 INFO: package: mysql.connector.plugins
2024-06-11 15:50:29,984 INFO: package: mysql.connector.plugins
2024-06-11 15:50:29,984 INFO: plugin_name: caching_sha2_password
2024-06-11 15:50:29,984 INFO: plugin_name: caching_sha2_password
2024-06-11 15:50:29,984 INFO: plugin_name: caching_sha2_password
2024-06-11 15:50:29,984 INFO: AUTHENTICATION_PLUGIN_CLASS: MySQLCachingSHA2PasswordAuthPlugin
2024-06-11 15:50:29,984 INFO: AUTHENTICATION_PLUGIN_CLASS: MySQLCachingSHA2PasswordAuthPlugin
2024-06-11 15:50:29,984 INFO: AUTHENTICATION_PLUGIN_CLASS: MySQLCachingSHA2PasswordAuthPlugin
2024-06-11 15:50:30,007 INFO: package: mysql.connector.plugins
2024-06-11 15:50:30,007 INFO: plugin_name: mysql_native_password
2024-06-11 15:50:30,008 INFO: AUTHENTICATION_PLUGIN_CLASS: MySQLNativePasswordAuthPlugin
2024-06-11 15:50:30,081 INFO: MySQL connected.
2024-06-11 15:50:30,083 INFO: MySQL connected.
2024-06-11 15:50:30,084 INFO: MySQL connected.
2024-06-11 15:50:30,120 INFO: New EPC: 000000000000202405170003
2024-06-11 15:50:30,191 INFO: New EPC: 000000000000202405210008
2024-06-11 15:50:30,221 INFO: New EPC: 000000000000202405210007
2024-06-11 15:50:30,260 INFO: New EPC: e28069950000400aae87f993
2024-06-11 15:50:30,347 INFO: New EPC: 000000000000202405210009
2024-06-11 15:50:40,826 INFO: New EPC: e28069950000400aae87f593
2024-06-11 15:50:41,426 INFO: New EPC: e280689400004023437278ad
2024-06-11 15:50:54,575 INFO: New EPC: e2806995000050126c54b990
2024-06-11 15:50:54,631 INFO: New EPC: e2806995000050126c54b590
2024-06-11 15:50:54,684 INFO: New EPC: e2806995000040126c54c590
2024-06-11 15:50:55,555 INFO: New EPC: e2806995000040126c54bd90
2024-06-11 15:50:55,788 INFO: New EPC: e2806995000050126c54c190
2024-06-11 15:50:55,820 INFO: New EPC: e28069950000400aae895994
2024-06-11 15:51:30,552 INFO: EPC reappeared after interval: 000000000000202405210009
2024-06-11 15:51:30,993 INFO: EPC reappeared after interval: 000000000000202405210007
2024-06-11 15:51:31,166 INFO: EPC reappeared after interval: 000000000000202405170003
2024-06-11 15:51:31,324 INFO: EPC reappeared after interval: 000000000000202405210009
2024-06-11 15:51:32,035 INFO: EPC reappeared after interval: 000000000000202405210007
2024-06-11 15:51:32,196 INFO: EPC reappeared after interval: 000000000000202405210008
2024-06-11 15:51:32,232 INFO: EPC reappeared after interval: 000000000000202405210009
2024-06-11 15:51:32,907 INFO: EPC reappeared after interval: 000000000000202405210007
2024-06-11 15:51:32,943 INFO: EPC reappeared after interval: 000000000000202405170003
2024-06-11 15:51:33,240 INFO: EPC reappeared after interval: 000000000000202405210009
2024-06-11 15:51:33,275 INFO: EPC reappeared after interval: 000000000000202405210008
2024-06-11 15:51:33,851 INFO: EPC reappeared after interval: 000000000000202405170003
2024-06-11 15:51:33,887 INFO: EPC reappeared after interval: 000000000000202405210007
2024-06-11 15:51:33,921 INFO: EPC reappeared after interval: 000000000000202405210008
2024-06-11 15:51:34,042 INFO: EPC reappeared after interval: 000000000000202405210009
2024-06-11 15:51:34,773 INFO: EPC reappeared after interval: 000000000000202405170003
2024-06-11 15:51:34,809 INFO: EPC reappeared after interval: 000000000000202405210007
2024-06-11 15:51:35,003 INFO: EPC reappeared after interval: 000000000000202405210008
2024-06-11 15:51:35,217 INFO: EPC reappeared after interval: 000000000000202405210009
2024-06-11 15:51:35,793 INFO: EPC reappeared after interval: 000000000000202405210007
2024-06-11 15:51:35,827 INFO: EPC reappeared after interval: 000000000000202405170003
2024-06-11 15:51:35,860 INFO: EPC reappeared after interval: 000000000000202405210008
2024-06-11 15:51:36,031 INFO: EPC reappeared after interval: 000000000000202405210009
2024-06-11 15:51:36,822 INFO: EPC reappeared after interval: 000000000000202405210007
2024-06-11 15:51:36,858 INFO: EPC reappeared after interval: 000000000000202405210009
2024-06-11 15:51:36,894 INFO: EPC reappeared after interval: 000000000000202405210008
2024-06-11 15:51:37,662 INFO: EPC reappeared after interval: 000000000000202405210007
2024-06-11 15:51:37,697 INFO: EPC reappeared after interval: 000000000000202405210008
2024-06-11 15:51:37,731 INFO: EPC reappeared after interval: 000000000000202405170003
2024-06-11 15:51:37,928 INFO: EPC reappeared after interval: 000000000000202405210009
2024-06-11 15:51:38,602 INFO: EPC reappeared after interval: 000000000000202405170003
2024-06-11 15:51:38,638 INFO: EPC reappeared after interval: 000000000000202405210007
2024-06-11 15:51:38,717 INFO: EPC reappeared after interval: 000000000000202405210009
2024-06-11 15:51:38,768 INFO: EPC reappeared after interval: e28069950000400aae87f993
2024-06-11 15:51:38,805 INFO: EPC reappeared after interval: 000000000000202405210008
2024-06-11 15:51:39,558 INFO: EPC reappeared after interval: 000000000000202405210007
2024-06-11 15:51:39,597 INFO: EPC reappeared after interval: 000000000000202405170003
2024-06-11 15:51:39,634 INFO: EPC reappeared after interval: 000000000000202405210008
2024-06-11 15:51:39,802 INFO: EPC reappeared after interval: 000000000000202405210009
2024-06-11 15:51:40,484 INFO: EPC reappeared after interval: 000000000000202405210007
2024-06-11 15:51:40,520 INFO: EPC reappeared after interval: 000000000000202405170003
2024-06-11 15:51:40,654 INFO: EPC reappeared after interval: 000000000000202405210008
2024-06-11 15:51:40,870 INFO: EPC reappeared after interval: 000000000000202405210009
2024-06-11 15:51:41,429 INFO: EPC reappeared after interval: 000000000000202405210007
2024-06-11 15:51:41,466 INFO: EPC reappeared after interval: 000000000000202405170003
2024-06-11 15:51:41,493 INFO: EPC reappeared after interval: e280689400004023437278ad
2024-06-11 15:51:41,529 INFO: EPC reappeared after interval: 000000000000202405210008
2024-06-11 15:51:41,682 INFO: EPC reappeared after interval: 000000000000202405210009
2024-06-11 15:51:42,341 INFO: EPC reappeared after interval: 000000000000202405210007
2024-06-11 15:51:42,381 INFO: EPC reappeared after interval: 000000000000202405170003
2024-06-11 15:51:42,442 INFO: EPC reappeared after interval: 000000000000202405210009
2024-06-11 15:51:42,487 INFO: EPC reappeared after interval: 000000000000202405210008
2024-06-11 15:51:42,514 INFO: EPC reappeared after interval: e280689400004023437278ad
2024-06-11 15:51:42,552 INFO: EPC reappeared after interval: e28069950000400aae87f993
2024-06-11 15:51:43,272 INFO: EPC reappeared after interval: 000000000000202405210007
2024-06-11 15:51:43,307 INFO: EPC reappeared after interval: e280689400004023437278ad
2024-06-11 15:51:43,333 INFO: EPC reappeared after interval: 000000000000202405210008
2024-06-11 15:51:43,366 INFO: EPC reappeared after interval: 000000000000202405170003
2024-06-11 15:51:43,403 INFO: EPC reappeared after interval: e28069950000400aae87f993
2024-06-11 15:51:43,510 INFO: EPC reappeared after interval: 000000000000202405210009
2024-06-11 15:51:44,207 INFO: EPC reappeared after interval: 000000000000202405170003
2024-06-11 15:51:44,247 INFO: EPC reappeared after interval: 000000000000202405210007
2024-06-11 15:51:44,421 INFO: EPC reappeared after interval: 000000000000202405210009
2024-06-11 15:51:44,453 INFO: EPC reappeared after interval: 000000000000202405210008
2024-06-11 15:51:44,565 INFO: EPC reappeared after interval: e28069950000400aae87f993
2024-06-11 15:51:44,832 INFO: EPC reappeared after interval: e280689400004023437278ad
2024-06-11 15:51:45,153 INFO: EPC reappeared after interval: 000000000000202405210008
2024-06-11 15:51:45,193 INFO: EPC reappeared after interval: 000000000000202405210007
2024-06-11 15:51:45,361 INFO: EPC reappeared after interval: 000000000000202405170003
2024-06-11 15:51:45,534 INFO: EPC reappeared after interval: 000000000000202405210009
2024-06-11 15:51:46,041 INFO: EPC reappeared after interval: 000000000000202405210007
2024-06-11 15:51:46,215 INFO: EPC reappeared after interval: 000000000000202405210009
2024-06-11 15:51:46,376 INFO: EPC reappeared after interval: 000000000000202405210008
2024-06-11 15:51:47,087 INFO: EPC reappeared after interval: 000000000000202405210007
2024-06-11 15:51:47,261 INFO: EPC reappeared after interval: 000000000000202405210008
2024-06-11 15:51:47,421 INFO: EPC reappeared after interval: 000000000000202405170003
2024-06-11 15:51:47,460 INFO: EPC reappeared after interval: 000000000000202405210009
2024-06-11 15:51:47,915 INFO: EPC reappeared after interval: 000000000000202405210007
2024-06-11 15:51:47,988 INFO: EPC reappeared after interval: 000000000000202405170003
2024-06-11 15:51:48,184 INFO: EPC reappeared after interval: 000000000000202405210008
2024-06-11 15:51:48,935 INFO: EPC reappeared after interval: 000000000000202405170003
2024-06-11 15:51:48,970 INFO: EPC reappeared after interval: 000000000000202405210007
2024-06-11 15:51:49,007 INFO: EPC reappeared after interval: 000000000000202405210008
2024-06-11 15:51:49,267 INFO: EPC reappeared after interval: 000000000000202405210009
2024-06-11 15:51:49,956 INFO: EPC reappeared after interval: 000000000000202405210007
2024-06-11 15:51:49,994 INFO: EPC reappeared after interval: 000000000000202405170003
2024-06-11 15:51:50,043 INFO: EPC reappeared after interval: 000000000000202405210009
2024-06-11 15:51:50,094 INFO: EPC reappeared after interval: 000000000000202405210008
2024-06-11 15:51:50,953 INFO: EPC reappeared after interval: 000000000000202405210007
2024-06-11 15:51:50,988 INFO: EPC reappeared after interval: 000000000000202405170003
2024-06-11 15:51:51,023 INFO: EPC reappeared after interval: 000000000000202405210008
2024-06-11 15:51:51,219 INFO: EPC reappeared after interval: 000000000000202405210009
2024-06-11 15:51:51,930 INFO: EPC reappeared after interval: 000000000000202405170003
2024-06-11 15:51:51,981 INFO: EPC reappeared after interval: 000000000000202405210009
2024-06-11 15:51:52,034 INFO: EPC reappeared after interval: e28069950000400aae87f993
2024-06-11 15:51:52,069 INFO: EPC reappeared after interval: 000000000000202405210008
2024-06-11 15:51:52,797 INFO: EPC reappeared after interval: 000000000000202405170003
2024-06-11 15:51:52,832 INFO: EPC reappeared after interval: 000000000000202405210008
2024-06-11 15:51:52,866 INFO: EPC reappeared after interval: 000000000000202405210007
2024-06-11 15:51:52,904 INFO: EPC reappeared after interval: e28069950000400aae87f993
2024-06-11 15:51:53,204 INFO: EPC reappeared after interval: 000000000000202405210009
2024-06-11 15:51:53,922 INFO: EPC reappeared after interval: 000000000000202405210007
2024-06-11 15:51:53,959 INFO: EPC reappeared after interval: 000000000000202405170003
2024-06-11 15:51:53,994 INFO: EPC reappeared after interval: 000000000000202405210009
2024-06-11 15:51:54,031 INFO: EPC reappeared after interval: 000000000000202405210008
2024-06-11 15:51:54,064 INFO: EPC reappeared after interval: e280689400004023437278ad
2024-06-11 15:51:54,796 INFO: EPC reappeared after interval: 000000000000202405170003
2024-06-11 15:51:54,830 INFO: EPC reappeared after interval: 000000000000202405210007
2024-06-11 15:51:54,863 INFO: EPC reappeared after interval: 000000000000202405210008
2024-06-11 15:51:55,220 INFO: EPC reappeared after interval: 000000000000202405210009
2024-06-11 15:51:55,868 INFO: EPC reappeared after interval: 000000000000202405210007
2024-06-11 15:51:56,011 INFO: EPC reappeared after interval: 000000000000202405170003
2024-06-11 15:51:56,062 INFO: EPC reappeared after interval: 000000000000202405210008
2024-06-11 15:51:56,378 INFO: EPC reappeared after interval: 000000000000202405210009
2024-06-11 15:51:56,929 INFO: EPC reappeared after interval: 000000000000202405210007
2024-06-11 15:51:56,965 INFO: EPC reappeared after interval: 000000000000202405170003
2024-06-11 15:51:57,002 INFO: EPC reappeared after interval: 000000000000202405210008
2024-06-11 15:51:57,932 INFO: EPC reappeared after interval: 000000000000202405210007
2024-06-11 15:51:58,256 INFO: EPC reappeared after interval: 000000000000202405170003
2024-06-11 15:51:58,517 INFO: EPC reappeared after interval: 000000000000202405210009
2024-06-11 15:51:58,795 INFO: EPC reappeared after interval: e2806995000050126c54b590
2024-06-11 15:51:58,830 INFO: EPC reappeared after interval: 000000000000202405210008
2024-06-11 15:51:59,135 INFO: EPC reappeared after interval: 000000000000202405170003
2024-06-11 15:51:59,171 INFO: EPC reappeared after interval: 000000000000202405210007
2024-06-11 15:51:59,333 INFO: EPC reappeared after interval: 000000000000202405210008
2024-06-11 15:51:59,491 INFO: EPC reappeared after interval: 000000000000202405210009
2024-06-11 15:51:59,520 INFO: EPC reappeared after interval: e28069950000400aae87f993
2024-06-11 15:52:00,175 INFO: EPC reappeared after interval: 000000000000202405210007
2024-06-11 15:52:00,532 INFO: EPC reappeared after interval: 000000000000202405170003
2024-06-11 15:52:00,710 INFO: EPC reappeared after interval: e280689400004023437278ad
2024-06-11 15:52:00,745 INFO: EPC reappeared after interval: 000000000000202405210008
2024-06-11 15:52:01,223 INFO: EPC reappeared after interval: e2806995000050126c54b590
2024-06-11 15:52:01,450 INFO: EPC reappeared after interval: 000000000000202405210007
2024-06-11 15:52:01,487 INFO: EPC reappeared after interval: e28069950000400aae87f993
2024-06-11 15:52:01,521 INFO: EPC reappeared after interval: 000000000000202405170003
2024-06-11 15:52:01,556 INFO: EPC reappeared after interval: 000000000000202405210008
2024-06-11 15:52:02,351 INFO: EPC reappeared after interval: 000000000000202405210007
2024-06-11 15:52:02,404 INFO: EPC reappeared after interval: 000000000000202405170003
2024-06-11 15:52:02,637 INFO: EPC reappeared after interval: 000000000000202405210008
2024-06-11 15:52:02,964 INFO: EPC reappeared after interval: 000000000000202405210009
2024-06-11 15:52:03,547 INFO: EPC reappeared after interval: 000000000000202405210007
2024-06-11 15:52:03,584 INFO: EPC reappeared after interval: 000000000000202405210008
2024-06-11 15:52:03,617 INFO: EPC reappeared after interval: 000000000000202405170003
2024-06-11 15:52:03,865 INFO: EPC reappeared after interval: 000000000000202405210009
2024-06-11 15:52:04,572 INFO: EPC reappeared after interval: 000000000000202405210007
2024-06-11 15:52:04,606 INFO: EPC reappeared after interval: 000000000000202405170003
2024-06-11 15:52:04,794 INFO: EPC reappeared after interval: 000000000000202405210008
2024-06-11 15:52:04,989 INFO: EPC reappeared after interval: 000000000000202405210009
2024-06-11 15:52:05,596 INFO: EPC reappeared after interval: e28069950000400aae87f993
2024-06-11 15:52:05,631 INFO: EPC reappeared after interval: 000000000000202405170003
2024-06-11 15:52:05,663 INFO: EPC reappeared after interval: 000000000000202405210007
2024-06-11 15:52:05,697 INFO: EPC reappeared after interval: 000000000000202405210008
2024-06-11 15:52:05,778 INFO: EPC reappeared after interval: 000000000000202405210009
2024-06-11 15:52:06,570 INFO: EPC reappeared after interval: 000000000000202405210007
2024-06-11 15:52:06,662 INFO: EPC reappeared after interval: 000000000000202405210009
2024-06-11 15:52:06,696 INFO: EPC reappeared after interval: 000000000000202405170003
2024-06-11 15:52:06,730 INFO: EPC reappeared after interval: e280689400004023437278ad
2024-06-11 15:52:06,763 INFO: EPC reappeared after interval: 000000000000202405210008
2024-06-11 15:52:07,282 INFO: EPC reappeared after interval: e2806995000050126c54b590
2024-06-11 15:52:07,645 INFO: EPC reappeared after interval: e2806995000050126c54b590
2024-06-11 15:52:07,682 INFO: EPC reappeared after interval: 000000000000202405210007
2024-06-11 15:52:07,715 INFO: EPC reappeared after interval: 000000000000202405210008
2024-06-11 15:52:07,749 INFO: EPC reappeared after interval: 000000000000202405170003
2024-06-11 15:52:07,780 INFO: EPC reappeared after interval: e28069950000400aae87f993
2024-06-11 15:52:07,816 INFO: EPC reappeared after interval: 000000000000202405210009
2024-06-11 15:52:08,494 INFO: EPC reappeared after interval: 000000000000202405210007
2024-06-11 15:52:08,521 INFO: EPC reappeared after interval: 000000000000202405170003
2024-06-11 15:52:08,590 INFO: EPC reappeared after interval: 000000000000202405210009
2024-06-11 15:52:08,643 INFO: EPC reappeared after interval: 000000000000202405210008
2024-06-11 15:52:09,391 INFO: EPC reappeared after interval: 000000000000202405210008
2024-06-11 15:52:09,418 INFO: EPC reappeared after interval: 000000000000202405210007
2024-06-11 15:52:09,631 INFO: EPC reappeared after interval: 000000000000202405210009
2024-06-11 15:52:10,323 INFO: EPC reappeared after interval: 000000000000202405210007
2024-06-11 15:52:10,355 INFO: EPC reappeared after interval: 000000000000202405170003
2024-06-11 15:52:10,485 INFO: EPC reappeared after interval: e2806995000050126c54b590
2024-06-11 15:52:10,518 INFO: EPC reappeared after interval: 000000000000202405210008
2024-06-11 15:52:10,709 INFO: EPC reappeared after interval: 000000000000202405210009
2024-06-11 15:52:11,331 INFO: EPC reappeared after interval: 000000000000202405170003
2024-06-11 15:52:11,364 INFO: EPC reappeared after interval: 000000000000202405210007
2024-06-11 15:52:11,397 INFO: EPC reappeared after interval: 000000000000202405210008
2024-06-11 15:52:11,498 INFO: EPC reappeared after interval: 000000000000202405210009
2024-06-11 15:52:12,173 INFO: EPC reappeared after interval: 000000000000202405210007
2024-06-11 15:52:12,399 INFO: EPC reappeared after interval: 000000000000202405170003
2024-06-11 15:52:12,508 INFO: EPC reappeared after interval: e280689400004023437278ad
2024-06-11 15:52:12,582 INFO: EPC reappeared after interval: 000000000000202405210008
2024-06-11 15:52:12,813 INFO: EPC reappeared after interval: 000000000000202405210009
2024-06-11 15:52:13,331 INFO: EPC reappeared after interval: 000000000000202405210008
2024-06-11 15:52:13,495 INFO: EPC reappeared after interval: e2806995000050126c54b590
2024-06-11 15:52:13,527 INFO: EPC reappeared after interval: 000000000000202405210007
2024-06-11 15:52:13,693 INFO: EPC reappeared after interval: 000000000000202405170003
2024-06-11 15:52:13,847 INFO: EPC reappeared after interval: e28069950000400aae87f993
2024-06-11 15:52:13,881 INFO: EPC reappeared after interval: 000000000000202405210009
2024-06-11 15:52:14,361 INFO: EPC reappeared after interval: 000000000000202405210007
2024-06-11 15:52:14,539 INFO: EPC reappeared after interval: 000000000000202405210008
2024-06-11 15:52:15,406 INFO: EPC reappeared after interval: 000000000000202405210007
2024-06-11 15:52:15,439 INFO: EPC reappeared after interval: 000000000000202405210008
2024-06-11 15:52:15,466 INFO: EPC reappeared after interval: e2806995000050126c54b590
2024-06-11 15:52:15,498 INFO: EPC reappeared after interval: 000000000000202405170003
2024-06-11 15:52:15,567 INFO: EPC reappeared after interval: 000000000000202405210009
2024-06-11 15:52:16,234 INFO: EPC reappeared after interval: 000000000000202405210007
2024-06-11 15:52:16,329 INFO: EPC reappeared after interval: 000000000000202405210009
2024-06-11 15:52:16,386 INFO: EPC reappeared after interval: 000000000000202405210008
2024-06-11 15:52:17,164 INFO: EPC reappeared after interval: 000000000000202405210007
2024-06-11 15:52:17,199 INFO: EPC reappeared after interval: 000000000000202405170003
2024-06-11 15:52:17,229 INFO: EPC reappeared after interval: e2806995000050126c54b590
2024-06-11 15:52:18,085 INFO: EPC reappeared after interval: 000000000000202405210007
2024-06-11 15:52:18,288 INFO: EPC reappeared after interval: 000000000000202405210009
2024-06-11 15:52:18,335 INFO: EPC reappeared after interval: e280689400004023437278ad
2024-06-11 15:52:18,369 INFO: EPC reappeared after interval: 000000000000202405170003
2024-06-11 15:52:18,400 INFO: EPC reappeared after interval: 000000000000202405210008
2024-06-11 15:52:19,125 INFO: EPC reappeared after interval: 000000000000202405210007
2024-06-11 15:52:19,157 INFO: EPC reappeared after interval: 000000000000202405170003
2024-06-11 15:52:19,341 INFO: EPC reappeared after interval: 000000000000202405210009
2024-06-11 15:52:19,433 INFO: EPC reappeared after interval: 000000000000202405210008
2024-06-11 15:52:20,074 INFO: EPC reappeared after interval: 000000000000202405210007
2024-06-11 15:52:20,445 INFO: EPC reappeared after interval: e280689400004023437278ad
2024-06-11 15:52:20,478 INFO: EPC reappeared after interval: 000000000000202405210008
2024-06-11 15:52:20,548 INFO: EPC reappeared after interval: 000000000000202405210009
2024-06-11 15:52:21,118 INFO: EPC reappeared after interval: 000000000000202405210009
2024-06-11 15:52:21,145 INFO: EPC reappeared after interval: e280689400004023437278ad
2024-06-11 15:52:21,178 INFO: EPC reappeared after interval: 000000000000202405210007
2024-06-11 15:52:21,208 INFO: EPC reappeared after interval: 000000000000202405170003
2024-06-11 15:52:21,238 INFO: EPC reappeared after interval: 000000000000202405210008
2024-06-11 15:52:21,269 INFO: EPC reappeared after interval: e28069950000400aae87f993
2024-06-11 15:52:22,081 INFO: EPC reappeared after interval: 000000000000202405210007
2024-06-11 15:52:22,274 INFO: EPC reappeared after interval: 000000000000202405170003
2024-06-11 15:52:22,307 INFO: EPC reappeared after interval: 000000000000202405210009
2024-06-11 15:52:22,338 INFO: EPC reappeared after interval: e280689400004023437278ad
2024-06-11 15:52:23,103 INFO: EPC reappeared after interval: 000000000000202405210007
2024-06-11 15:52:23,136 INFO: EPC reappeared after interval: e28069950000400aae87f993
2024-06-11 15:52:23,165 INFO: EPC reappeared after interval: e280689400004023437278ad
2024-06-11 15:52:23,195 INFO: EPC reappeared after interval: 000000000000202405210008
2024-06-11 15:52:23,225 INFO: EPC reappeared after interval: 000000000000202405170003
2024-06-11 15:52:23,357 INFO: EPC reappeared after interval: 000000000000202405210009
2024-06-11 15:52:24,131 INFO: EPC reappeared after interval: 000000000000202405210007
2024-06-11 15:52:24,164 INFO: EPC reappeared after interval: 000000000000202405170003
2024-06-11 15:52:24,195 INFO: EPC reappeared after interval: 000000000000202405210009
2024-06-11 15:52:24,226 INFO: EPC reappeared after interval: 000000000000202405210008
2024-06-11 15:52:24,255 INFO: EPC reappeared after interval: e280689400004023437278ad
2024-06-11 15:52:24,934 INFO: EPC reappeared after interval: 000000000000202405210009
2024-06-11 15:52:24,968 INFO: EPC reappeared after interval: e28069950000400aae87f993
2024-06-11 15:52:25,001 INFO: EPC reappeared after interval: 000000000000202405210007
2024-06-11 15:52:25,031 INFO: EPC reappeared after interval: e280689400004023437278ad
2024-06-11 15:52:25,061 INFO: EPC reappeared after interval: 000000000000202405170003
2024-06-11 15:52:25,854 INFO: EPC reappeared after interval: 000000000000202405210007
2024-06-11 15:52:26,075 INFO: EPC reappeared after interval: 000000000000202405210009
2024-06-11 15:52:26,118 INFO: EPC reappeared after interval: 000000000000202405210008
2024-06-11 15:52:26,160 INFO: EPC reappeared after interval: e280689400004023437278ad
2024-06-11 15:52:26,953 INFO: EPC reappeared after interval: e28069950000400aae87f993
2024-06-11 15:52:27,119 INFO: EPC reappeared after interval: 000000000000202405210008
2024-06-11 15:52:27,152 INFO: EPC reappeared after interval: 000000000000202405170003
2024-06-11 15:52:27,310 INFO: EPC reappeared after interval: 000000000000202405210007
2024-06-11 15:52:27,471 INFO: EPC reappeared after interval: e280689400004023437278ad
2024-06-11 15:52:27,504 INFO: EPC reappeared after interval: 000000000000202405210009
2024-06-11 15:52:27,829 INFO: EPC reappeared after interval: 000000000000202405210007
2024-06-11 15:52:28,007 INFO: EPC reappeared after interval: 000000000000202405170003
2024-06-11 15:52:28,164 INFO: EPC reappeared after interval: e280689400004023437278ad
2024-06-11 15:52:28,196 INFO: EPC reappeared after interval: 000000000000202405210008
2024-06-11 15:52:28,877 INFO: EPC reappeared after interval: 000000000000202405170003
2024-06-11 15:52:28,909 INFO: EPC reappeared after interval: 000000000000202405210007
2024-06-11 15:52:29,072 INFO: EPC reappeared after interval: 000000000000202405210008
2024-06-11 15:52:29,237 INFO: EPC reappeared after interval: e280689400004023437278ad
2024-06-11 15:52:29,405 INFO: EPC reappeared after interval: 000000000000202405210009
2024-06-11 15:52:29,865 INFO: EPC reappeared after interval: 000000000000202405210007
2024-06-11 15:52:29,898 INFO: EPC reappeared after interval: 000000000000202405170003
2024-06-11 15:52:29,931 INFO: EPC reappeared after interval: 000000000000202405210009
2024-06-11 15:52:29,983 INFO: EPC reappeared after interval: 000000000000202405210008
2024-06-11 15:52:30,016 INFO: EPC reappeared after interval: e280689400004023437278ad
2024-06-11 15:52:30,748 INFO: EPC reappeared after interval: 000000000000202405210008
2024-06-11 15:52:30,785 INFO: EPC reappeared after interval: e280689400004023437278ad
2024-06-11 15:52:30,816 INFO: EPC reappeared after interval: 000000000000202405170003
2024-06-11 15:52:30,847 INFO: EPC reappeared after interval: 000000000000202405210007
2024-06-11 15:52:30,879 INFO: EPC reappeared after interval: e28069950000400aae87f993
2024-06-11 15:52:31,105 INFO: EPC reappeared after interval: 000000000000202405210009
2024-06-11 15:52:31,785 INFO: EPC reappeared after interval: 000000000000202405210007
2024-06-11 15:52:31,829 INFO: EPC reappeared after interval: 000000000000202405170003
2024-06-11 15:52:31,891 INFO: EPC reappeared after interval: 000000000000202405210009
2024-06-11 15:52:31,931 INFO: EPC reappeared after interval: 000000000000202405210008
2024-06-11 15:52:31,962 INFO: EPC reappeared after interval: e280689400004023437278ad
2024-06-11 15:52:32,801 INFO: EPC reappeared after interval: e280689400004023437278ad
2024-06-11 15:52:32,833 INFO: EPC reappeared after interval: 000000000000202405210008
2024-06-11 15:52:32,864 INFO: EPC reappeared after interval: 000000000000202405170003
2024-06-11 15:52:32,896 INFO: EPC reappeared after interval: 000000000000202405210007
2024-06-11 15:52:33,041 INFO: EPC reappeared after interval: 000000000000202405210009
2024-06-11 15:52:33,794 INFO: EPC reappeared after interval: 000000000000202405170003
2024-06-11 15:52:33,825 INFO: EPC reappeared after interval: 000000000000202405210007
2024-06-11 15:52:33,888 INFO: EPC reappeared after interval: 000000000000202405210009
2024-06-11 15:52:33,932 INFO: EPC reappeared after interval: 000000000000202405210008
2024-06-11 15:52:33,964 INFO: EPC reappeared after interval: e280689400004023437278ad
2024-06-11 15:52:34,781 INFO: EPC reappeared after interval: 000000000000202405170003
2024-06-11 15:52:34,814 INFO: EPC reappeared after interval: 000000000000202405210008
2024-06-11 15:52:34,846 INFO: EPC reappeared after interval: 000000000000202405210007
2024-06-11 15:52:34,916 INFO: EPC reappeared after interval: 000000000000202405210009
2024-06-11 15:52:34,982 INFO: EPC reappeared after interval: e280689400004023437278ad
2024-06-11 15:52:35,609 INFO: EPC reappeared after interval: 000000000000202405210007
2024-06-11 15:52:35,716 INFO: EPC reappeared after interval: 000000000000202405210009
2024-06-11 15:52:35,756 INFO: EPC reappeared after interval: 000000000000202405210008
2024-06-11 15:52:35,787 INFO: EPC reappeared after interval: e28069950000400aae87f993
2024-06-11 15:52:35,817 INFO: EPC reappeared after interval: e280689400004023437278ad
2024-06-11 15:52:36,546 INFO: EPC reappeared after interval: 000000000000202405210008
2024-06-11 15:52:36,579 INFO: EPC reappeared after interval: 000000000000202405170003
2024-06-11 15:52:36,611 INFO: EPC reappeared after interval: e280689400004023437278ad
2024-06-11 15:52:36,642 INFO: EPC reappeared after interval: e28069950000400aae87f993
2024-06-11 15:52:36,674 INFO: EPC reappeared after interval: 000000000000202405210007
2024-06-11 15:52:36,805 INFO: EPC reappeared after interval: 000000000000202405210009
2024-06-11 15:52:37,546 INFO: EPC reappeared after interval: 000000000000202405210007
2024-06-11 15:52:37,580 INFO: EPC reappeared after interval: 000000000000202405210009
2024-06-11 15:52:37,612 INFO: EPC reappeared after interval: e280689400004023437278ad
2024-06-11 15:52:37,645 INFO: EPC reappeared after interval: 000000000000202405210008
2024-06-11 15:52:38,376 INFO: EPC reappeared after interval: 000000000000202405210008
2024-06-11 15:52:38,404 INFO: EPC reappeared after interval: 000000000000202405170003
2024-06-11 15:52:38,439 INFO: EPC reappeared after interval: e280689400004023437278ad
2024-06-11 15:52:38,466 INFO: EPC reappeared after interval: 000000000000202405210007
2024-06-11 15:52:38,492 INFO: EPC reappeared after interval: e28069950000400aae87f993
2024-06-11 15:52:39,311 INFO: EPC reappeared after interval: 000000000000202405210007
2024-06-11 15:52:39,363 INFO: EPC reappeared after interval: 000000000000202405170003
2024-06-11 15:52:39,397 INFO: EPC reappeared after interval: 000000000000202405210009
2024-06-11 15:52:39,446 INFO: EPC reappeared after interval: 000000000000202405210008
2024-06-11 15:52:40,212 INFO: EPC reappeared after interval: 000000000000202405170003
2024-06-11 15:52:40,248 INFO: EPC reappeared after interval: 000000000000202405210007
2024-06-11 15:52:40,282 INFO: EPC reappeared after interval: 000000000000202405210008
2024-06-11 15:52:40,441 INFO: EPC reappeared after interval: e280689400004023437278ad
2024-06-11 15:52:40,535 INFO: EPC reappeared after interval: 000000000000202405210009
2024-06-11 15:52:41,168 INFO: EPC reappeared after interval: 000000000000202405210007
2024-06-11 15:52:41,199 INFO: EPC reappeared after interval: 000000000000202405170003
2024-06-11 15:52:41,366 INFO: EPC reappeared after interval: 000000000000202405210009
2024-06-11 15:52:41,522 INFO: EPC reappeared after interval: 000000000000202405210008
2024-06-11 15:52:41,554 INFO: EPC reappeared after interval: e280689400004023437278ad
2024-06-11 15:52:42,056 INFO: EPC reappeared after interval: 000000000000202405210007
2024-06-11 15:52:42,214 INFO: EPC reappeared after interval: 000000000000202405210008
2024-06-11 15:52:42,241 INFO: EPC reappeared after interval: e280689400004023437278ad
2024-06-11 15:52:42,407 INFO: EPC reappeared after interval: 000000000000202405170003
2024-06-11 15:52:42,567 INFO: EPC reappeared after interval: 000000000000202405210009
2024-06-11 15:52:42,965 INFO: EPC reappeared after interval: 000000000000202405210007
2024-06-11 15:52:43,259 INFO: EPC reappeared after interval: 000000000000202405210008
2024-06-11 15:52:43,292 INFO: EPC reappeared after interval: e280689400004023437278ad
2024-06-11 15:52:43,457 INFO: EPC reappeared after interval: 000000000000202405210009
2024-06-11 15:52:43,894 INFO: EPC reappeared after interval: 000000000000202405210007
2024-06-11 15:52:43,927 INFO: EPC reappeared after interval: 000000000000202405210008
2024-06-11 15:52:43,959 INFO: EPC reappeared after interval: 000000000000202405170003
2024-06-11 15:52:44,113 INFO: EPC reappeared after interval: 000000000000202405210009
2024-06-11 15:52:44,158 INFO: EPC reappeared after interval: e280689400004023437278ad
2024-06-11 15:52:44,806 INFO: EPC reappeared after interval: 000000000000202405210007
2024-06-11 15:52:44,850 INFO: EPC reappeared after interval: 000000000000202405170003
2024-06-11 15:52:44,894 INFO: EPC reappeared after interval: 000000000000202405210009
2024-06-11 15:52:44,949 INFO: EPC reappeared after interval: e280689400004023437278ad
2024-06-11 15:52:44,981 INFO: EPC reappeared after interval: 000000000000202405210008
2024-06-11 15:52:45,723 INFO: EPC reappeared after interval: 000000000000202405170003
2024-06-11 15:52:45,756 INFO: EPC reappeared after interval: e280689400004023437278ad
2024-06-11 15:52:45,788 INFO: EPC reappeared after interval: 000000000000202405210007
2024-06-11 15:52:45,820 INFO: EPC reappeared after interval: 000000000000202405210008
2024-06-11 15:52:45,978 INFO: EPC reappeared after interval: 000000000000202405210009
2024-06-11 15:52:46,640 INFO: EPC reappeared after interval: 000000000000202405210007
2024-06-11 15:52:46,735 INFO: EPC reappeared after interval: 000000000000202405210009
2024-06-11 15:52:46,791 INFO: EPC reappeared after interval: e280689400004023437278ad
2024-06-11 15:52:46,823 INFO: EPC reappeared after interval: 000000000000202405210008
2024-06-11 15:52:47,558 INFO: EPC reappeared after interval: 000000000000202405210007
2024-06-11 15:52:47,591 INFO: EPC reappeared after interval: 000000000000202405170003
2024-06-11 15:52:47,621 INFO: EPC reappeared after interval: 000000000000202405210008
2024-06-11 15:52:47,652 INFO: EPC reappeared after interval: e28069950000400aae87f993
2024-06-11 15:52:47,832 INFO: EPC reappeared after interval: 000000000000202405210009
2024-06-11 15:52:48,502 INFO: EPC reappeared after interval: 000000000000202405210007
2024-06-11 15:52:48,535 INFO: EPC reappeared after interval: 000000000000202405170003
2024-06-11 15:52:48,591 INFO: EPC reappeared after interval: 000000000000202405210009
2024-06-11 15:52:48,635 INFO: EPC reappeared after interval: e280689400004023437278ad
2024-06-11 15:52:49,424 INFO: EPC reappeared after interval: 000000000000202405210008
2024-06-11 15:52:49,458 INFO: EPC reappeared after interval: 000000000000202405210007
2024-06-11 15:52:49,485 INFO: EPC reappeared after interval: 000000000000202405170003
2024-06-11 15:52:49,511 INFO: EPC reappeared after interval: e280689400004023437278ad
2024-06-11 15:52:49,973 INFO: EPC reappeared after interval: 000000000000202405210009
2024-06-11 15:52:50,440 INFO: EPC reappeared after interval: 000000000000202405210007
2024-06-11 15:52:50,473 INFO: EPC reappeared after interval: 000000000000202405170003
2024-06-11 15:52:50,521 INFO: EPC reappeared after interval: 000000000000202405210009
2024-06-11 15:52:50,573 INFO: EPC reappeared after interval: e280689400004023437278ad
2024-06-11 15:52:50,602 INFO: EPC reappeared after interval: 000000000000202405210008
2024-06-11 15:52:51,369 INFO: EPC reappeared after interval: e280689400004023437278ad
2024-06-11 15:52:51,396 INFO: EPC reappeared after interval: 000000000000202405210007
2024-06-11 15:52:51,427 INFO: EPC reappeared after interval: 000000000000202405210008
2024-06-11 15:52:51,452 INFO: EPC reappeared after interval: 000000000000202405170003
2024-06-11 15:52:51,484 INFO: EPC reappeared after interval: e28069950000400aae87f993
2024-06-11 15:52:51,591 INFO: EPC reappeared after interval: 000000000000202405210009
2024-06-11 15:52:52,394 INFO: EPC reappeared after interval: 000000000000202405210007
2024-06-11 15:52:52,426 INFO: EPC reappeared after interval: 000000000000202405210009
2024-06-11 15:52:52,454 INFO: EPC reappeared after interval: e28069950000400aae87f993
2024-06-11 15:52:52,487 INFO: EPC reappeared after interval: e280689400004023437278ad
2024-06-11 15:52:52,518 INFO: EPC reappeared after interval: 000000000000202405210008
2024-06-11 15:52:53,224 INFO: EPC reappeared after interval: e280689400004023437278ad
2024-06-11 15:52:53,257 INFO: EPC reappeared after interval: 000000000000202405170003
2024-06-11 15:52:53,288 INFO: EPC reappeared after interval: 000000000000202405210008
2024-06-11 15:52:53,314 INFO: EPC reappeared after interval: 000000000000202405210007
2024-06-11 15:52:53,470 INFO: EPC reappeared after interval: 000000000000202405210009
2024-06-11 15:52:54,142 INFO: EPC reappeared after interval: 000000000000202405210007
2024-06-11 15:52:54,195 INFO: EPC reappeared after interval: 000000000000202405170003
2024-06-11 15:52:54,241 INFO: EPC reappeared after interval: 000000000000202405210009
2024-06-11 15:52:54,307 INFO: EPC reappeared after interval: e280689400004023437278ad
2024-06-11 15:52:54,434 INFO: EPC reappeared after interval: 000000000000202405210008
2024-06-11 15:52:55,150 INFO: EPC reappeared after interval: 000000000000202405210008
2024-06-11 15:52:55,184 INFO: EPC reappeared after interval: 000000000000202405170003
2024-06-11 15:52:55,342 INFO: EPC reappeared after interval: e280689400004023437278ad
2024-06-11 15:52:55,504 INFO: EPC reappeared after interval: 000000000000202405210007
2024-06-11 15:52:55,534 INFO: EPC reappeared after interval: e28069950000400aae87f993
2024-06-11 15:52:56,037 INFO: EPC reappeared after interval: 000000000000202405170003
2024-06-11 15:52:56,207 INFO: EPC reappeared after interval: 000000000000202405210007
2024-06-11 15:52:56,232 INFO: EPC reappeared after interval: 000000000000202405210009
2024-06-11 15:52:56,398 INFO: EPC reappeared after interval: 000000000000202405210008
2024-06-11 15:52:56,564 INFO: EPC reappeared after interval: e280689400004023437278ad
2024-06-11 15:52:56,907 INFO: EPC reappeared after interval: 000000000000202405210008
2024-06-11 15:52:56,940 INFO: EPC reappeared after interval: 000000000000202405210007
2024-06-11 15:52:57,105 INFO: EPC reappeared after interval: e280689400004023437278ad
2024-06-11 15:52:57,261 INFO: EPC reappeared after interval: 000000000000202405170003
2024-06-11 15:52:57,416 INFO: EPC reappeared after interval: 000000000000202405210009
2024-06-11 15:52:57,901 INFO: EPC reappeared after interval: 000000000000202405170003
2024-06-11 15:52:57,938 INFO: EPC reappeared after interval: 000000000000202405210007
2024-06-11 15:52:58,019 INFO: EPC reappeared after interval: e280689400004023437278ad
2024-06-11 15:52:58,049 INFO: EPC reappeared after interval: 000000000000202405210008
2024-06-11 15:52:58,900 INFO: EPC reappeared after interval: e280689400004023437278ad
2024-06-11 15:52:59,068 INFO: EPC reappeared after interval: 000000000000202405210008
2024-06-11 15:52:59,098 INFO: EPC reappeared after interval: 000000000000202405170003
2024-06-11 15:52:59,258 INFO: EPC reappeared after interval: e28069950000400aae87f993
2024-06-11 15:52:59,419 INFO: EPC reappeared after interval: 000000000000202405210007
2024-06-11 15:52:59,450 INFO: EPC reappeared after interval: 000000000000202405210009
2024-06-11 15:52:59,775 INFO: EPC reappeared after interval: 000000000000202405210007
2024-06-11 15:52:59,805 INFO: EPC reappeared after interval: 000000000000202405170003
2024-06-11 15:52:59,976 INFO: EPC reappeared after interval: 000000000000202405210009
2024-06-11 15:53:00,138 INFO: EPC reappeared after interval: 000000000000202405210008
2024-06-11 15:53:00,303 INFO: EPC reappeared after interval: e280689400004023437278ad
2024-06-11 15:53:00,823 INFO: EPC reappeared after interval: 000000000000202405170003
2024-06-11 15:53:00,856 INFO: EPC reappeared after interval: 000000000000202405210007
2024-06-11 15:53:01,023 INFO: EPC reappeared after interval: e280689400004023437278ad
2024-06-11 15:53:01,191 INFO: EPC reappeared after interval: 000000000000202405210008
2024-06-11 15:53:01,353 INFO: EPC reappeared after interval: 000000000000202405210009
2024-06-11 15:53:01,604 INFO: EPC reappeared after interval: 000000000000202405210007
2024-06-11 15:53:01,699 INFO: EPC reappeared after interval: 000000000000202405210009
2024-06-11 15:53:01,742 INFO: EPC reappeared after interval: e280689400004023437278ad
2024-06-11 15:53:01,773 INFO: EPC reappeared after interval: 000000000000202405210008
2024-06-11 15:53:01,806 INFO: EPC reappeared after interval: e28069950000400aae87f993
2024-06-11 15:53:02,524 INFO: EPC reappeared after interval: 000000000000202405170003
2024-06-11 15:53:02,557 INFO: EPC reappeared after interval: e280689400004023437278ad
2024-06-11 15:53:02,589 INFO: EPC reappeared after interval: 000000000000202405210007
2024-06-11 15:53:02,621 INFO: EPC reappeared after interval: 000000000000202405210008
2024-06-11 15:53:02,766 INFO: EPC reappeared after interval: 000000000000202405210009
2024-06-11 15:53:03,439 INFO: EPC reappeared after interval: 000000000000202405210007
2024-06-11 15:53:03,466 INFO: EPC reappeared after interval: 000000000000202405170003
2024-06-11 15:53:03,537 INFO: EPC reappeared after interval: 000000000000202405210009
2024-06-11 15:53:03,588 INFO: EPC reappeared after interval: e280689400004023437278ad
2024-06-11 15:53:03,619 INFO: EPC reappeared after interval: e28069950000400aae87f993
2024-06-11 15:53:03,651 INFO: EPC reappeared after interval: 000000000000202405210008
2024-06-11 15:53:04,362 INFO: EPC reappeared after interval: e280689400004023437278ad
2024-06-11 15:53:04,389 INFO: EPC reappeared after interval: 000000000000202405170003
2024-06-11 15:53:04,421 INFO: EPC reappeared after interval: 000000000000202405210007
2024-06-11 15:53:04,457 INFO: EPC reappeared after interval: 000000000000202405210008
2024-06-11 15:53:04,483 INFO: EPC reappeared after interval: e28069950000400aae87f993
2024-06-11 15:53:04,611 INFO: EPC reappeared after interval: 000000000000202405210009
2024-06-11 15:53:05,297 INFO: EPC reappeared after interval: 000000000000202405170003
2024-06-11 15:53:05,331 INFO: EPC reappeared after interval: 000000000000202405210007
2024-06-11 15:53:05,379 INFO: EPC reappeared after interval: 000000000000202405210009
2024-06-11 15:53:05,422 INFO: EPC reappeared after interval: e280689400004023437278ad
2024-06-11 15:53:05,457 INFO: EPC reappeared after interval: 000000000000202405210008
2024-06-11 15:53:06,216 INFO: EPC reappeared after interval: 000000000000202405210007
2024-06-11 15:53:06,251 INFO: EPC reappeared after interval: e280689400004023437278ad
2024-06-11 15:53:06,283 INFO: EPC reappeared after interval: 000000000000202405170003
2024-06-11 15:53:06,318 INFO: EPC reappeared after interval: 000000000000202405210008
2024-06-11 15:53:06,450 INFO: EPC reappeared after interval: 000000000000202405210009
2024-06-11 15:53:07,175 INFO: EPC reappeared after interval: 000000000000202405210007
2024-06-11 15:53:07,262 INFO: EPC reappeared after interval: 000000000000202405210009
2024-06-11 15:53:07,315 INFO: EPC reappeared after interval: e280689400004023437278ad
2024-06-11 15:53:07,901 INFO: EPC reappeared after interval: 000000000000202405210008
2024-06-11 15:53:08,223 INFO: EPC reappeared after interval: 000000000000202405210007
2024-06-11 15:53:08,255 INFO: EPC reappeared after interval: e280689400004023437278ad
2024-06-11 15:53:08,286 INFO: EPC reappeared after interval: 000000000000202405170003
2024-06-11 15:53:08,319 INFO: EPC reappeared after interval: 000000000000202405210008
2024-06-11 15:53:08,347 INFO: EPC reappeared after interval: e28069950000400aae87f993
2024-06-11 15:53:08,460 INFO: EPC reappeared after interval: 000000000000202405210009
2024-06-11 15:53:09,194 INFO: EPC reappeared after interval: 000000000000202405170003
2024-06-11 15:53:09,228 INFO: EPC reappeared after interval: 000000000000202405210007
2024-06-11 15:53:09,280 INFO: EPC reappeared after interval: 000000000000202405210009
2024-06-11 15:53:09,322 INFO: EPC reappeared after interval: e280689400004023437278ad
2024-06-11 15:53:09,354 INFO: EPC reappeared after interval: 000000000000202405210008
2024-06-11 15:53:10,108 INFO: EPC reappeared after interval: e280689400004023437278ad
2024-06-11 15:53:10,142 INFO: EPC reappeared after interval: 000000000000202405210007
2024-06-11 15:53:10,175 INFO: EPC reappeared after interval: 000000000000202405170003
2024-06-11 15:53:10,208 INFO: EPC reappeared after interval: 000000000000202405210008
2024-06-11 15:53:10,341 INFO: EPC reappeared after interval: 000000000000202405210009
2024-06-11 15:53:11,009 INFO: EPC reappeared after interval: 000000000000202405210007
2024-06-11 15:53:11,041 INFO: EPC reappeared after interval: 000000000000202405170003
2024-06-11 15:53:11,106 INFO: EPC reappeared after interval: 000000000000202405210009
2024-06-11 15:53:11,146 INFO: EPC reappeared after interval: e280689400004023437278ad
2024-06-11 15:53:11,178 INFO: EPC reappeared after interval: 000000000000202405210008
2024-06-11 15:53:11,917 INFO: EPC reappeared after interval: e280689400004023437278ad
2024-06-11 15:53:11,950 INFO: EPC reappeared after interval: 000000000000202405170003
2024-06-11 15:53:11,980 INFO: EPC reappeared after interval: 000000000000202405210007
2024-06-11 15:53:12,011 INFO: EPC reappeared after interval: 000000000000202405210008
2024-06-11 15:53:12,172 INFO: EPC reappeared after interval: 000000000000202405210009
2024-06-11 15:53:12,873 INFO: EPC reappeared after interval: 000000000000202405210007
2024-06-11 15:53:12,905 INFO: EPC reappeared after interval: 000000000000202405170003
2024-06-11 15:53:12,937 INFO: EPC reappeared after interval: 000000000000202405210009
2024-06-11 15:53:12,969 INFO: EPC reappeared after interval: e280689400004023437278ad
2024-06-11 15:53:13,001 INFO: EPC reappeared after interval: 000000000000202405210008
2024-06-11 15:53:13,759 INFO: EPC reappeared after interval: e280689400004023437278ad
2024-06-11 15:53:13,792 INFO: EPC reappeared after interval: 000000000000202405210008
2024-06-11 15:53:13,824 INFO: EPC reappeared after interval: 000000000000202405210007
2024-06-11 15:53:13,856 INFO: EPC reappeared after interval: 000000000000202405170003
2024-06-11 15:53:13,887 INFO: EPC reappeared after interval: e28069950000400aae87f993
2024-06-11 15:53:14,029 INFO: EPC reappeared after interval: 000000000000202405210009
2024-06-11 15:53:14,682 INFO: EPC reappeared after interval: 000000000000202405210007
2024-06-11 15:53:14,716 INFO: EPC reappeared after interval: 000000000000202405170003
2024-06-11 15:53:14,781 INFO: EPC reappeared after interval: 000000000000202405210009
2024-06-11 15:53:14,831 INFO: EPC reappeared after interval: e280689400004023437278ad
2024-06-11 15:53:14,862 INFO: EPC reappeared after interval: 000000000000202405210008
2024-06-11 15:53:15,591 INFO: EPC reappeared after interval: 000000000000202405210008
2024-06-11 15:53:15,623 INFO: EPC reappeared after interval: 000000000000202405170003
2024-06-11 15:53:15,656 INFO: EPC reappeared after interval: e280689400004023437278ad
2024-06-11 15:53:15,687 INFO: EPC reappeared after interval: 000000000000202405210007
2024-06-11 15:53:15,845 INFO: EPC reappeared after interval: 000000000000202405210009
2024-06-11 15:53:16,505 INFO: EPC reappeared after interval: 000000000000202405210007
2024-06-11 15:53:16,560 INFO: EPC reappeared after interval: 000000000000202405170003
2024-06-11 15:53:16,639 INFO: EPC reappeared after interval: 000000000000202405210009
2024-06-11 15:53:16,688 INFO: EPC reappeared after interval: 000000000000202405210008
2024-06-11 15:53:16,720 INFO: EPC reappeared after interval: e280689400004023437278ad
2024-06-11 15:53:17,481 INFO: EPC reappeared after interval: 000000000000202405210007
2024-06-11 15:53:17,509 INFO: EPC reappeared after interval: e280689400004023437278ad
2024-06-11 15:53:17,540 INFO: EPC reappeared after interval: 000000000000202405210008
2024-06-11 15:53:17,570 INFO: EPC reappeared after interval: 000000000000202405170003
2024-06-11 15:53:17,688 INFO: EPC reappeared after interval: 000000000000202405210009
2024-06-11 15:53:18,390 INFO: EPC reappeared after interval: 000000000000202405210007
2024-06-11 15:53:18,504 INFO: EPC reappeared after interval: 000000000000202405210009
2024-06-11 15:53:18,609 INFO: EPC reappeared after interval: 000000000000202405210008
2024-06-11 15:53:18,813 INFO: EPC reappeared after interval: e280689400004023437278ad
2024-06-11 15:53:19,315 INFO: EPC reappeared after interval: 000000000000202405210007
2024-06-11 15:53:19,350 INFO: EPC reappeared after interval: 000000000000202405170003
2024-06-11 15:53:19,509 INFO: EPC reappeared after interval: 000000000000202405210008
2024-06-11 15:53:19,849 INFO: EPC reappeared after interval: 000000000000202405210009
2024-06-11 15:53:20,184 INFO: EPC reappeared after interval: 000000000000202405170003
2024-06-11 15:53:20,216 INFO: EPC reappeared after interval: 000000000000202405210007
2024-06-11 15:53:20,381 INFO: EPC reappeared after interval: 000000000000202405210009
2024-06-11 15:53:20,535 INFO: EPC reappeared after interval: 000000000000202405210008
2024-06-11 15:53:21,227 INFO: EPC reappeared after interval: 000000000000202405170003
2024-06-11 15:53:21,259 INFO: EPC reappeared after interval: 000000000000202405210008
2024-06-11 15:53:21,413 INFO: EPC reappeared after interval: 000000000000202405210007
2024-06-11 15:53:21,552 INFO: EPC reappeared after interval: e2806995000040126c54bd90
2024-06-11 15:53:22,046 INFO: EPC reappeared after interval: e28069950000400aae895994
2024-06-11 15:53:22,078 INFO: EPC reappeared after interval: 000000000000202405210007
2024-06-11 15:53:22,110 INFO: EPC reappeared after interval: e2806995000050126c54c190
2024-06-11 15:53:22,269 INFO: EPC reappeared after interval: 000000000000202405210009
2024-06-11 15:53:22,301 INFO: EPC reappeared after interval: 000000000000202405170003
2024-06-11 15:53:22,348 INFO: EPC reappeared after interval: 000000000000202405210008
2024-06-11 15:53:22,678 INFO: EPC reappeared after interval: e2806995000040126c54bd90
2024-06-11 15:53:23,127 INFO: EPC reappeared after interval: 000000000000202405210007
2024-06-11 15:53:23,157 INFO: EPC reappeared after interval: e2806995000040126c54c590
2024-06-11 15:53:23,187 INFO: EPC reappeared after interval: e2806995000050126c54c190
2024-06-11 15:53:23,219 INFO: EPC reappeared after interval: 000000000000202405170003
2024-06-11 15:53:23,250 INFO: EPC reappeared after interval: e2806995000040126c54bd90
2024-06-11 15:53:23,352 INFO: EPC reappeared after interval: e2806995000050126c54b990
2024-06-11 15:53:23,434 INFO: EPC reappeared after interval: e2806995000050126c54b590
2024-06-11 15:53:23,481 INFO: EPC reappeared after interval: 000000000000202405210009
2024-06-11 15:53:23,693 INFO: New EPC: e280689400004023437278ae
2024-06-11 15:53:23,901 INFO: New EPC: e280689400004023437278a8
2024-06-11 15:53:24,326 INFO: EPC reappeared after interval: 000000000000202405210007
2024-06-11 15:53:24,359 INFO: EPC reappeared after interval: 000000000000202405170003
2024-06-11 15:53:24,393 INFO: EPC reappeared after interval: e2806995000040126c54bd90
2024-06-11 15:53:24,425 INFO: EPC reappeared after interval: e2806995000050126c54b990
2024-06-11 15:53:24,455 INFO: EPC reappeared after interval: e2806995000050126c54b590
2024-06-11 15:53:24,487 INFO: EPC reappeared after interval: e2806995000050126c54c190
2024-06-11 15:53:24,520 INFO: EPC reappeared after interval: e2806995000040126c54c590
2024-06-11 15:53:24,629 INFO: EPC reappeared after interval: 000000000000202405210009
2024-06-11 15:53:25,435 INFO: EPC reappeared after interval: e2806995000050126c54b990
2024-06-11 15:53:25,467 INFO: EPC reappeared after interval: 000000000000202405210007
2024-06-11 15:53:25,500 INFO: EPC reappeared after interval: 000000000000202405170003
2024-06-11 15:53:25,530 INFO: EPC reappeared after interval: e2806995000040126c54bd90
2024-06-11 15:53:25,560 INFO: EPC reappeared after interval: e2806995000050126c54c190
2024-06-11 15:53:25,591 INFO: EPC reappeared after interval: e2806995000040126c54c590
2024-06-11 15:53:25,622 INFO: EPC reappeared after interval: e2806995000050126c54b590
2024-06-11 15:53:25,703 INFO: EPC reappeared after interval: e28069950000400aae895994
2024-06-11 15:53:25,751 INFO: EPC reappeared after interval: 000000000000202405210009
2024-06-11 15:53:26,494 INFO: EPC reappeared after interval: e2806995000050126c54c190
2024-06-11 15:53:26,521 INFO: EPC reappeared after interval: 000000000000202405210007
2024-06-11 15:53:26,552 INFO: EPC reappeared after interval: e2806995000050126c54b990
2024-06-11 15:53:26,583 INFO: EPC reappeared after interval: e2806995000050126c54b590
2024-06-11 15:53:26,614 INFO: EPC reappeared after interval: e2806995000040126c54bd90
2024-06-11 15:53:26,644 INFO: EPC reappeared after interval: e2806995000040126c54c590
2024-06-11 15:53:26,677 INFO: EPC reappeared after interval: 000000000000202405210009
2024-06-11 15:53:26,724 INFO: EPC reappeared after interval: 000000000000202405170003
2024-06-11 15:53:27,517 INFO: EPC reappeared after interval: 000000000000202405170003
2024-06-11 15:53:27,550 INFO: EPC reappeared after interval: e2806995000050126c54b990
2024-06-11 15:53:27,581 INFO: EPC reappeared after interval: e2806995000040126c54bd90
2024-06-11 15:53:27,612 INFO: EPC reappeared after interval: e2806995000050126c54b590
2024-06-11 15:53:27,642 INFO: EPC reappeared after interval: e2806995000050126c54c190
2024-06-11 15:53:27,672 INFO: EPC reappeared after interval: 000000000000202405210007
2024-06-11 15:53:27,704 INFO: EPC reappeared after interval: 000000000000202405210009
2024-06-11 15:53:27,736 INFO: EPC reappeared after interval: e2806995000040126c54c590
2024-06-11 15:53:27,897 INFO: New EPC: e280689400005023437278ac
2024-06-11 15:53:28,612 INFO: EPC reappeared after interval: e2806995000040126c54c590
2024-06-11 15:53:28,644 INFO: EPC reappeared after interval: 000000000000202405210007
2024-06-11 15:53:28,676 INFO: EPC reappeared after interval: 000000000000202405170003
2024-06-11 15:53:28,758 INFO: EPC reappeared after interval: e2806995000050126c54b590
2024-06-11 15:53:28,814 INFO: EPC reappeared after interval: e2806995000050126c54c190
2024-06-11 15:53:28,852 INFO: EPC reappeared after interval: 000000000000202405210009
2024-06-11 15:53:28,949 INFO: EPC reappeared after interval: e2806995000040126c54bd90
2024-06-11 15:53:29,367 INFO: EPC reappeared after interval: 000000000000202405210008
2024-06-11 15:53:29,840 INFO: EPC reappeared after interval: 000000000000202405170003
2024-06-11 15:53:29,874 INFO: EPC reappeared after interval: e2806995000050126c54c190
2024-06-11 15:53:29,906 INFO: EPC reappeared after interval: 000000000000202405210007
2024-06-11 15:53:29,937 INFO: EPC reappeared after interval: e2806995000040126c54c590
2024-06-11 15:53:29,970 INFO: EPC reappeared after interval: 000000000000202405210008
2024-06-11 15:53:30,268 INFO: EPC reappeared after interval: e2806995000040126c54bd90
2024-06-11 15:53:30,298 INFO: EPC reappeared after interval: 000000000000202405210009
2024-06-11 15:53:30,946 INFO: EPC reappeared after interval: e2806995000040126c54c590
2024-06-11 15:53:30,977 INFO: EPC reappeared after interval: e2806995000040126c54bd90
2024-06-11 15:53:31,009 INFO: EPC reappeared after interval: 000000000000202405210007
2024-06-11 15:53:31,041 INFO: EPC reappeared after interval: e2806995000050126c54c190
2024-06-11 15:53:31,072 INFO: EPC reappeared after interval: e28069950000400aae895994
2024-06-11 15:53:31,103 INFO: EPC reappeared after interval: e2806995000050126c54b590
2024-06-11 15:53:31,135 INFO: EPC reappeared after interval: 000000000000202405210009
2024-06-11 15:53:31,167 INFO: EPC reappeared after interval: 000000000000202405210008
2024-06-11 15:53:31,598 INFO: EPC reappeared after interval: e2806995000050126c54b990
2024-06-11 15:53:31,914 INFO: EPC reappeared after interval: 000000000000202405210008
2024-06-11 15:53:31,976 INFO: EPC reappeared after interval: 000000000000202405170003
2024-06-11 15:53:32,010 INFO: EPC reappeared after interval: e2806995000050126c54c190
2024-06-11 15:53:32,042 INFO: EPC reappeared after interval: 000000000000202405210007
2024-06-11 15:53:32,289 INFO: EPC reappeared after interval: e2806995000050126c54b990
2024-06-11 15:53:32,402 INFO: EPC reappeared after interval: 000000000000202405210009
2024-06-11 15:53:32,509 INFO: EPC reappeared after interval: e2806995000050126c54b590
2024-06-11 15:53:32,972 INFO: EPC reappeared after interval: e2806995000050126c54b590
2024-06-11 15:53:33,135 INFO: EPC reappeared after interval: 000000000000202405170003
2024-06-11 15:53:33,299 INFO: EPC reappeared after interval: e2806995000050126c54b990
2024-06-11 15:53:33,332 INFO: EPC reappeared after interval: 000000000000202405210007
2024-06-11 15:53:33,494 INFO: EPC reappeared after interval: 000000000000202405210009
2024-06-11 15:53:33,654 INFO: EPC reappeared after interval: e28069950000400aae87f993
2024-06-11 15:53:33,832 INFO: EPC reappeared after interval: e280689400004023437278ad
2024-06-11 15:53:34,168 INFO: EPC reappeared after interval: 000000000000202405210009
2024-06-11 15:53:34,202 INFO: EPC reappeared after interval: 000000000000202405210007
2024-06-11 15:53:34,359 INFO: EPC reappeared after interval: 000000000000202405170003
2024-06-11 15:53:35,061 INFO: EPC reappeared after interval: 000000000000202405210008
2024-06-11 15:53:35,913 INFO: EPC reappeared after interval: 000000000000202405170003
2024-06-11 15:53:35,949 INFO: EPC reappeared after interval: 000000000000202405210007
2024-06-11 15:53:36,171 INFO: EPC reappeared after interval: 000000000000202405210009
2024-06-11 15:53:36,936 INFO: EPC reappeared after interval: 000000000000202405210007
2024-06-11 15:53:36,972 INFO: EPC reappeared after interval: 000000000000202405170003
2024-06-11 15:53:37,003 INFO: EPC reappeared after interval: 000000000000202405210009
2024-06-11 15:53:37,031 INFO: EPC reappeared after interval: 000000000000202405210008
2024-06-11 15:53:37,754 INFO: EPC reappeared after interval: 000000000000202405210007
2024-06-11 15:53:37,787 INFO: EPC reappeared after interval: 000000000000202405170003
2024-06-11 15:53:37,970 INFO: EPC reappeared after interval: 000000000000202405210009
2024-06-11 15:53:38,646 INFO: EPC reappeared after interval: 000000000000202405170003
2024-06-11 15:53:38,678 INFO: EPC reappeared after interval: 000000000000202405210007
2024-06-11 15:53:38,738 INFO: EPC reappeared after interval: 000000000000202405210009
2024-06-11 15:53:39,521 INFO: EPC reappeared after interval: 000000000000202405210007
2024-06-11 15:53:39,554 INFO: EPC reappeared after interval: 000000000000202405170003
2024-06-11 15:53:39,587 INFO: EPC reappeared after interval: e280689400004023437278ad
2024-06-11 15:53:39,620 INFO: EPC reappeared after interval: 000000000000202405210009
2024-06-11 15:53:40,413 INFO: EPC reappeared after interval: 000000000000202405210007
2024-06-11 15:53:40,441 INFO: EPC reappeared after interval: 000000000000202405170003
2024-06-11 15:53:40,553 INFO: EPC reappeared after interval: 000000000000202405210009
2024-06-11 15:53:41,418 INFO: EPC reappeared after interval: 000000000000202405210007
2024-06-11 15:53:41,450 INFO: EPC reappeared after interval: 000000000000202405170003
2024-06-11 15:53:41,753 INFO: EPC reappeared after interval: 000000000000202405210009
2024-06-11 15:53:42,433 INFO: EPC reappeared after interval: 000000000000202405170003
2024-06-11 15:53:42,468 INFO: EPC reappeared after interval: 000000000000202405210007
2024-06-11 15:53:42,527 INFO: EPC reappeared after interval: 000000000000202405210009
2024-06-11 15:53:43,390 INFO: EPC reappeared after interval: 000000000000202405210007
2024-06-11 15:53:43,424 INFO: EPC reappeared after interval: 000000000000202405170003
2024-06-11 15:53:44,183 INFO: EPC reappeared after interval: 000000000000202405210007
2024-06-11 15:53:44,217 INFO: EPC reappeared after interval: 000000000000202405170003
2024-06-11 15:53:44,265 INFO: EPC reappeared after interval: 000000000000202405210009
2024-06-11 15:53:45,042 INFO: EPC reappeared after interval: 000000000000202405170003
2024-06-11 15:53:45,075 INFO: EPC reappeared after interval: 000000000000202405210007
2024-06-11 15:53:45,403 INFO: EPC reappeared after interval: 000000000000202405210009
2024-06-11 15:53:46,052 INFO: EPC reappeared after interval: 000000000000202405210007
2024-06-11 15:53:46,091 INFO: EPC reappeared after interval: 000000000000202405170003
2024-06-11 15:53:46,154 INFO: EPC reappeared after interval: 000000000000202405210009
2024-06-11 15:53:46,190 INFO: EPC reappeared after interval: e280689400004023437278ad
2024-06-11 15:53:46,229 INFO: EPC reappeared after interval: 000000000000202405210008
2024-06-11 15:53:46,972 INFO: EPC reappeared after interval: 000000000000202405210007
2024-06-11 15:53:47,131 INFO: EPC reappeared after interval: 000000000000202405170003
2024-06-11 15:53:47,309 INFO: EPC reappeared after interval: 000000000000202405210009
2024-06-11 15:53:48,022 INFO: EPC reappeared after interval: 000000000000202405210007
2024-06-11 15:53:48,177 INFO: EPC reappeared after interval: 000000000000202405170003
2024-06-11 15:53:48,208 INFO: EPC reappeared after interval: 000000000000202405210009
2024-06-11 15:53:48,713 INFO: EPC reappeared after interval: 000000000000202405210008
2024-06-11 15:53:48,903 INFO: EPC reappeared after interval: 000000000000202405210007
2024-06-11 15:53:49,067 INFO: EPC reappeared after interval: 000000000000202405170003
2024-06-11 15:53:49,241 INFO: EPC reappeared after interval: 000000000000202405210009
2024-06-11 15:53:49,943 INFO: EPC reappeared after interval: 000000000000202405210007
2024-06-11 15:53:50,000 INFO: EPC reappeared after interval: 000000000000202405210009
2024-06-11 15:53:50,056 INFO: EPC reappeared after interval: 000000000000202405210008
2024-06-11 15:53:50,801 INFO: EPC reappeared after interval: 000000000000202405170003
2024-06-11 15:53:50,832 INFO: EPC reappeared after interval: 000000000000202405210007
2024-06-11 15:53:51,863 INFO: EPC reappeared after interval: 000000000000202405210007
2024-06-11 15:53:51,945 INFO: EPC reappeared after interval: 000000000000202405210009
2024-06-11 15:53:51,992 INFO: EPC reappeared after interval: e280689400004023437278ad
2024-06-11 15:53:52,737 INFO: EPC reappeared after interval: 000000000000202405210007
2024-06-11 15:53:52,769 INFO: EPC reappeared after interval: 000000000000202405170003
2024-06-11 15:53:53,611 INFO: EPC reappeared after interval: 000000000000202405210007
2024-06-11 15:53:53,860 INFO: EPC reappeared after interval: 000000000000202405210009
2024-06-11 15:53:54,654 INFO: EPC reappeared after interval: 000000000000202405210007
2024-06-11 15:53:54,686 INFO: EPC reappeared after interval: 000000000000202405170003
2024-06-11 15:53:54,960 INFO: EPC reappeared after interval: 000000000000202405210009
2024-06-11 15:53:55,678 INFO: EPC reappeared after interval: 000000000000202405210007
2024-06-11 15:53:55,711 INFO: EPC reappeared after interval: 000000000000202405170003
2024-06-11 15:53:56,087 INFO: EPC reappeared after interval: 000000000000202405210009
2024-06-11 15:53:56,624 INFO: EPC reappeared after interval: 000000000000202405210007
2024-06-11 15:53:57,009 INFO: EPC reappeared after interval: 000000000000202405210009
2024-06-11 15:53:57,607 INFO: EPC reappeared after interval: 000000000000202405210007
2024-06-11 15:53:57,661 INFO: EPC reappeared after interval: 000000000000202405170003
2024-06-11 15:53:57,701 INFO: EPC reappeared after interval: 000000000000202405210009
2024-06-11 15:53:57,752 INFO: EPC reappeared after interval: e280689400004023437278ad
2024-06-11 15:53:58,500 INFO: EPC reappeared after interval: 000000000000202405210007
2024-06-11 15:53:58,534 INFO: EPC reappeared after interval: 000000000000202405170003
2024-06-11 15:53:58,712 INFO: EPC reappeared after interval: 000000000000202405210009
2024-06-11 15:53:59,383 INFO: EPC reappeared after interval: 000000000000202405210007
2024-06-11 15:53:59,742 INFO: EPC reappeared after interval: 000000000000202405170003
2024-06-11 15:53:59,966 INFO: EPC reappeared after interval: 000000000000202405210009
2024-06-11 15:54:00,532 INFO: EPC reappeared after interval: 000000000000202405210007
2024-06-11 15:54:00,566 INFO: EPC reappeared after interval: 000000000000202405170003
2024-06-11 15:54:00,831 INFO: EPC reappeared after interval: 000000000000202405210009
2024-06-11 15:54:01,510 INFO: EPC reappeared after interval: 000000000000202405210007
2024-06-11 15:54:01,541 INFO: EPC reappeared after interval: 000000000000202405170003
2024-06-11 15:54:01,708 INFO: EPC reappeared after interval: 000000000000202405210009
2024-06-11 15:54:02,553 INFO: EPC reappeared after interval: 000000000000202405170003
2024-06-11 15:54:02,587 INFO: EPC reappeared after interval: 000000000000202405210007
2024-06-11 15:54:02,746 INFO: EPC reappeared after interval: 000000000000202405210009
2024-06-11 15:54:03,422 INFO: EPC reappeared after interval: 000000000000202405210007
2024-06-11 15:54:03,567 INFO: EPC reappeared after interval: 000000000000202405210009
2024-06-11 15:54:03,629 INFO: EPC reappeared after interval: 000000000000202405170003
2024-06-11 15:54:03,664 INFO: EPC reappeared after interval: e280689400004023437278ad
2024-06-11 15:54:04,370 INFO: EPC reappeared after interval: 000000000000202405210007
2024-06-11 15:54:04,679 INFO: EPC reappeared after interval: 000000000000202405210009
2024-06-11 15:54:05,338 INFO: EPC reappeared after interval: 000000000000202405210007
2024-06-11 15:54:05,382 INFO: EPC reappeared after interval: 000000000000202405170003
2024-06-11 15:54:05,623 INFO: EPC reappeared after interval: 000000000000202405210009
2024-06-11 15:54:06,479 INFO: EPC reappeared after interval: 000000000000202405170003
2024-06-11 15:54:06,512 INFO: EPC reappeared after interval: 000000000000202405210007
2024-06-11 15:54:06,695 INFO: EPC reappeared after interval: 000000000000202405210009
2024-06-11 15:54:07,454 INFO: EPC reappeared after interval: 000000000000202405210007
2024-06-11 15:54:07,483 INFO: EPC reappeared after interval: 000000000000202405170003
2024-06-11 15:54:07,515 INFO: EPC reappeared after interval: 000000000000202405210009
2024-06-11 15:54:07,549 INFO: EPC reappeared after interval: 000000000000202405210008
2024-06-11 15:54:08,274 INFO: EPC reappeared after interval: 000000000000202405210007
2024-06-11 15:54:08,307 INFO: EPC reappeared after interval: 000000000000202405210009
2024-06-11 15:54:09,156 INFO: EPC reappeared after interval: 000000000000202405210007
2024-06-11 15:54:09,190 INFO: EPC reappeared after interval: 000000000000202405170003
2024-06-11 15:54:09,245 INFO: EPC reappeared after interval: 000000000000202405210009
2024-06-11 15:54:09,291 INFO: EPC reappeared after interval: 000000000000202405210008
2024-06-11 15:54:09,327 INFO: EPC reappeared after interval: e280689400004023437278ad
2024-06-11 15:54:10,071 INFO: EPC reappeared after interval: 000000000000202405210007
2024-06-11 15:54:10,105 INFO: EPC reappeared after interval: 000000000000202405170003
2024-06-11 15:54:10,137 INFO: EPC reappeared after interval: 000000000000202405210009
2024-06-11 15:54:11,004 INFO: EPC reappeared after interval: 000000000000202405210007
2024-06-11 15:54:11,088 INFO: EPC reappeared after interval: 000000000000202405210009
