2024-06-21 10:03:29,686 INFO: MySQL connected.
2024-06-21 10:03:29,687 INFO: MySQL connected.
2024-06-21 10:03:29,699 INFO: Success
2024-06-21 10:03:29,758 INFO: New EPC: e28069950000400aae894d94
2024-06-21 10:03:29,798 INFO: New EPC: e280689400004023437278ab
2024-06-21 10:03:29,827 INFO: New EPC: e28069950000500aae894994
2024-06-21 10:03:30,117 INFO: New EPC: e28011700000021798b9c40d
2024-06-21 10:03:30,163 INFO: New EPC: e28011700000021798b9c40c
2024-06-21 10:03:30,275 INFO: New EPC: 000000000000202405170003
2024-06-21 10:03:31,258 INFO: New EPC: e2806995000050126c54b590
2024-06-21 10:03:32,276 INFO: New EPC: e28069950000400aae895994
2024-06-21 10:03:34,337 INFO: New EPC: e28011700000021798b9c40b
2024-06-21 10:03:34,378 INFO: New EPC: e280689400004023437278a8
2024-06-21 10:03:37,893 INFO: New EPC: e28069950000400aae87f993
2024-06-21 10:03:37,932 INFO: New EPC: e28069950000400aae87ed93
2024-06-21 10:03:43,784 INFO: New EPC: e280689400004023437278ae
2024-06-21 10:03:43,834 INFO: New EPC: e28069950000500aae895194
2024-06-21 10:03:43,942 INFO: New EPC: e28011700000021798b9c41b
2024-06-21 10:03:45,853 INFO: New EPC: e280689400005023437278ac
2024-06-21 10:03:57,522 INFO: New EPC: e28069950000400aae895594
2024-06-21 10:04:14,214 INFO: New plate: MTZ-0806
2024-06-21 10:04:20,260 INFO: New EPC: 000000000000202405210008
2024-06-21 10:04:21,414 INFO: New EPC: 000000000000202405210007
2024-06-21 10:04:57,328 INFO: New plate: LGC-5535
2024-06-21 10:05:08,127 INFO: New plate: AYX-9931
2024-06-21 10:05:12,917 INFO: New EPC: 000000000000202405210009
2024-06-21 10:05:14,245 INFO: Plate reappeared after interval: MTZ-0806
2024-06-21 10:05:41,954 INFO: New EPC: 000000000000202405210010
2024-06-21 10:06:07,883 INFO: New EPC: e280689400004023437278ad
2024-06-21 10:06:14,834 INFO: New EPC: 000000000000202405210001
